{"E:\\Interactive Development\\Year 3\\Term 1\\Final\\Sportify_Frontend\\Sportify\\src\\main.tsx": {"path":"E:\\Interactive Development\\Year 3\\Term 1\\Final\\Sportify_Frontend\\Sportify\\src\\main.tsx","all":true,"statementMap":{"0":{"start":{"line":1,"column":0},"end":{"line":1,"column":25}},"1":{"start":{"line":2,"column":0},"end":{"line":2,"column":39}},"2":{"start":{"line":3,"column":0},"end":{"line":3,"column":29}},"3":{"start":{"line":4,"column":0},"end":{"line":4,"column":20}},"4":{"start":{"line":5,"column":0},"end":{"line":5,"column":58}},"5":{"start":{"line":6,"column":0},"end":{"line":6,"column":0}},"6":{"start":{"line":7,"column":0},"end":{"line":7,"column":61}},"7":{"start":{"line":8,"column":0},"end":{"line":8,"column":2}},"8":{"start":{"line":9,"column":0},"end":{"line":9,"column":20}},"9":{"start":{"line":10,"column":0},"end":{"line":10,"column":109}},"10":{"start":{"line":11,"column":0},"end":{"line":11,"column":13}},"11":{"start":{"line":12,"column":0},"end":{"line":12,"column":26}},"12":{"start":{"line":13,"column":0},"end":{"line":13,"column":21}},"13":{"start":{"line":14,"column":0},"end":{"line":14,"column":1}}},"s":{"0":0,"1":0,"2":0,"3":0,"4":0,"5":0,"6":0,"7":0,"8":0,"9":0,"10":0,"11":0,"12":0,"13":0},"branchMap":{"0":{"type":"branch","line":1,"loc":{"start":{"line":1,"column":450},"end":{"line":14,"column":1}},"locations":[{"start":{"line":1,"column":450},"end":{"line":14,"column":1}}]}},"b":{"0":[0]},"fnMap":{"0":{"name":"(empty-report)","decl":{"start":{"line":1,"column":450},"end":{"line":14,"column":1}},"loc":{"start":{"line":1,"column":450},"end":{"line":14,"column":1}},"line":1}},"f":{"0":0}}
,"E:\\Interactive Development\\Year 3\\Term 1\\Final\\Sportify_Frontend\\Sportify\\src\\vite-env.d.ts": {"path":"E:\\Interactive Development\\Year 3\\Term 1\\Final\\Sportify_Frontend\\Sportify\\src\\vite-env.d.ts","all":true,"statementMap":{"0":{"start":{"line":1,"column":0},"end":{"line":1,"column":37}},"1":{"start":{"line":2,"column":0},"end":{"line":2,"column":34}},"2":{"start":{"line":3,"column":0},"end":{"line":3,"column":32}},"3":{"start":{"line":4,"column":0},"end":{"line":4,"column":78}},"4":{"start":{"line":5,"column":0},"end":{"line":5,"column":27}},"5":{"start":{"line":6,"column":0},"end":{"line":6,"column":1}}},"s":{"0":0,"1":0,"2":0,"3":0,"4":0,"5":0},"branchMap":{"0":{"type":"branch","line":1,"loc":{"start":{"line":1,"column":0},"end":{"line":6,"column":1}},"locations":[{"start":{"line":1,"column":0},"end":{"line":6,"column":1}}]}},"b":{"0":[0]},"fnMap":{"0":{"name":"(empty-report)","decl":{"start":{"line":1,"column":0},"end":{"line":6,"column":1}},"loc":{"start":{"line":1,"column":0},"end":{"line":6,"column":1}},"line":1}},"f":{"0":0}}
,"E:\\Interactive Development\\Year 3\\Term 1\\Final\\Sportify_Frontend\\Sportify\\src\\Components\\AccountPreferencesModal.tsx": {"path":"E:\\Interactive Development\\Year 3\\Term 1\\Final\\Sportify_Frontend\\Sportify\\src\\Components\\AccountPreferencesModal.tsx","all":false,"statementMap":{"0":{"start":{"line":1,"column":0},"end":{"line":1,"column":51}},"1":{"start":{"line":2,"column":0},"end":{"line":2,"column":46}},"2":{"start":{"line":3,"column":0},"end":{"line":3,"column":0}},"3":{"start":{"line":4,"column":0},"end":{"line":4,"column":50}},"4":{"start":{"line":5,"column":0},"end":{"line":5,"column":0}},"5":{"start":{"line":6,"column":0},"end":{"line":6,"column":17}},"6":{"start":{"line":7,"column":0},"end":{"line":7,"column":22}},"7":{"start":{"line":8,"column":0},"end":{"line":8,"column":1}},"8":{"start":{"line":9,"column":0},"end":{"line":9,"column":0}},"9":{"start":{"line":10,"column":0},"end":{"line":10,"column":23}},"10":{"start":{"line":11,"column":0},"end":{"line":11,"column":25}},"11":{"start":{"line":12,"column":0},"end":{"line":12,"column":25}},"12":{"start":{"line":13,"column":0},"end":{"line":13,"column":1}},"13":{"start":{"line":14,"column":0},"end":{"line":14,"column":0}},"14":{"start":{"line":15,"column":0},"end":{"line":15,"column":67}},"15":{"start":{"line":16,"column":0},"end":{"line":16,"column":67}},"16":{"start":{"line":17,"column":0},"end":{"line":17,"column":65}},"17":{"start":{"line":18,"column":0},"end":{"line":18,"column":51}},"18":{"start":{"line":19,"column":0},"end":{"line":19,"column":58}},"19":{"start":{"line":20,"column":0},"end":{"line":20,"column":63}},"20":{"start":{"line":21,"column":0},"end":{"line":21,"column":53}},"21":{"start":{"line":22,"column":0},"end":{"line":22,"column":60}},"22":{"start":{"line":23,"column":0},"end":{"line":23,"column":0}},"23":{"start":{"line":24,"column":0},"end":{"line":24,"column":48}},"24":{"start":{"line":25,"column":0},"end":{"line":25,"column":0}},"25":{"start":{"line":26,"column":0},"end":{"line":26,"column":19}},"26":{"start":{"line":27,"column":0},"end":{"line":27,"column":39}},"27":{"start":{"line":28,"column":0},"end":{"line":28,"column":11}},"28":{"start":{"line":29,"column":0},"end":{"line":29,"column":66}},"29":{"start":{"line":30,"column":0},"end":{"line":30,"column":38}},"30":{"start":{"line":31,"column":0},"end":{"line":31,"column":57}},"31":{"start":{"line":32,"column":0},"end":{"line":32,"column":30}},"32":{"start":{"line":33,"column":0},"end":{"line":33,"column":34}},"33":{"start":{"line":34,"column":0},"end":{"line":34,"column":0}},"34":{"start":{"line":35,"column":0},"end":{"line":35,"column":47}},"35":{"start":{"line":36,"column":0},"end":{"line":36,"column":85}},"36":{"start":{"line":37,"column":0},"end":{"line":37,"column":27}},"37":{"start":{"line":38,"column":0},"end":{"line":38,"column":13}},"38":{"start":{"line":39,"column":0},"end":{"line":39,"column":61}},"39":{"start":{"line":40,"column":0},"end":{"line":40,"column":84}},"40":{"start":{"line":41,"column":0},"end":{"line":41,"column":31}},"41":{"start":{"line":42,"column":0},"end":{"line":42,"column":9}},"42":{"start":{"line":43,"column":0},"end":{"line":43,"column":21}},"43":{"start":{"line":44,"column":0},"end":{"line":44,"column":27}},"44":{"start":{"line":45,"column":0},"end":{"line":45,"column":49}},"45":{"start":{"line":46,"column":0},"end":{"line":46,"column":17}},"46":{"start":{"line":47,"column":0},"end":{"line":47,"column":28}},"47":{"start":{"line":48,"column":0},"end":{"line":48,"column":7}},"48":{"start":{"line":49,"column":0},"end":{"line":49,"column":6}},"49":{"start":{"line":50,"column":0},"end":{"line":50,"column":0}},"50":{"start":{"line":51,"column":0},"end":{"line":51,"column":20}},"51":{"start":{"line":52,"column":0},"end":{"line":52,"column":15}},"52":{"start":{"line":53,"column":0},"end":{"line":53,"column":0}},"53":{"start":{"line":54,"column":0},"end":{"line":54,"column":33}},"54":{"start":{"line":55,"column":0},"end":{"line":55,"column":43}},"55":{"start":{"line":56,"column":0},"end":{"line":56,"column":0}},"56":{"start":{"line":57,"column":0},"end":{"line":57,"column":9}},"57":{"start":{"line":58,"column":0},"end":{"line":58,"column":76}},"58":{"start":{"line":59,"column":0},"end":{"line":59,"column":22}},"59":{"start":{"line":60,"column":0},"end":{"line":60,"column":9}},"60":{"start":{"line":61,"column":0},"end":{"line":61,"column":0}},"61":{"start":{"line":62,"column":0},"end":{"line":62,"column":39}},"62":{"start":{"line":63,"column":0},"end":{"line":63,"column":56}},"63":{"start":{"line":64,"column":0},"end":{"line":64,"column":26}},"64":{"start":{"line":65,"column":0},"end":{"line":65,"column":0}},"65":{"start":{"line":66,"column":0},"end":{"line":66,"column":18}},"66":{"start":{"line":67,"column":0},"end":{"line":67,"column":83}},"67":{"start":{"line":68,"column":0},"end":{"line":68,"column":25}},"68":{"start":{"line":69,"column":0},"end":{"line":69,"column":11}},"69":{"start":{"line":70,"column":0},"end":{"line":70,"column":59}},"70":{"start":{"line":71,"column":0},"end":{"line":71,"column":82}},"71":{"start":{"line":72,"column":0},"end":{"line":72,"column":29}},"72":{"start":{"line":73,"column":0},"end":{"line":73,"column":14}},"73":{"start":{"line":74,"column":0},"end":{"line":74,"column":24}},"74":{"start":{"line":75,"column":0},"end":{"line":75,"column":32}},"75":{"start":{"line":76,"column":0},"end":{"line":76,"column":32}},"76":{"start":{"line":77,"column":0},"end":{"line":77,"column":65}},"77":{"start":{"line":78,"column":0},"end":{"line":78,"column":7}},"78":{"start":{"line":79,"column":0},"end":{"line":79,"column":19}},"79":{"start":{"line":80,"column":0},"end":{"line":80,"column":42}},"80":{"start":{"line":81,"column":0},"end":{"line":81,"column":51}},"81":{"start":{"line":82,"column":0},"end":{"line":82,"column":5}},"82":{"start":{"line":83,"column":0},"end":{"line":83,"column":4}},"83":{"start":{"line":84,"column":0},"end":{"line":84,"column":0}},"84":{"start":{"line":85,"column":0},"end":{"line":85,"column":36}},"85":{"start":{"line":86,"column":0},"end":{"line":86,"column":9}},"86":{"start":{"line":87,"column":0},"end":{"line":87,"column":66}},"87":{"start":{"line":88,"column":0},"end":{"line":88,"column":23}},"88":{"start":{"line":89,"column":0},"end":{"line":89,"column":56}},"89":{"start":{"line":90,"column":0},"end":{"line":90,"column":65}},"90":{"start":{"line":91,"column":0},"end":{"line":91,"column":9}},"91":{"start":{"line":92,"column":0},"end":{"line":92,"column":0}},"92":{"start":{"line":93,"column":0},"end":{"line":93,"column":58}},"93":{"start":{"line":94,"column":0},"end":{"line":94,"column":44}},"94":{"start":{"line":95,"column":0},"end":{"line":95,"column":29}},"95":{"start":{"line":96,"column":0},"end":{"line":96,"column":19}},"96":{"start":{"line":97,"column":0},"end":{"line":97,"column":25}},"97":{"start":{"line":98,"column":0},"end":{"line":98,"column":43}},"98":{"start":{"line":99,"column":0},"end":{"line":99,"column":5}},"99":{"start":{"line":100,"column":0},"end":{"line":100,"column":4}},"100":{"start":{"line":101,"column":0},"end":{"line":101,"column":0}},"101":{"start":{"line":102,"column":0},"end":{"line":102,"column":37}},"102":{"start":{"line":103,"column":0},"end":{"line":103,"column":9}},"103":{"start":{"line":104,"column":0},"end":{"line":104,"column":67}},"104":{"start":{"line":105,"column":0},"end":{"line":105,"column":23}},"105":{"start":{"line":106,"column":0},"end":{"line":106,"column":56}},"106":{"start":{"line":107,"column":0},"end":{"line":107,"column":60}},"107":{"start":{"line":108,"column":0},"end":{"line":108,"column":9}},"108":{"start":{"line":109,"column":0},"end":{"line":109,"column":0}},"109":{"start":{"line":110,"column":0},"end":{"line":110,"column":53}},"110":{"start":{"line":111,"column":0},"end":{"line":111,"column":54}},"111":{"start":{"line":112,"column":0},"end":{"line":112,"column":26}},"112":{"start":{"line":113,"column":0},"end":{"line":113,"column":22}},"113":{"start":{"line":114,"column":0},"end":{"line":114,"column":25}},"114":{"start":{"line":115,"column":0},"end":{"line":115,"column":30}},"115":{"start":{"line":116,"column":0},"end":{"line":116,"column":19}},"116":{"start":{"line":117,"column":0},"end":{"line":117,"column":25}},"117":{"start":{"line":118,"column":0},"end":{"line":118,"column":56}},"118":{"start":{"line":119,"column":0},"end":{"line":119,"column":5}},"119":{"start":{"line":120,"column":0},"end":{"line":120,"column":4}},"120":{"start":{"line":121,"column":0},"end":{"line":121,"column":0}},"121":{"start":{"line":122,"column":0},"end":{"line":122,"column":10}},"122":{"start":{"line":123,"column":0},"end":{"line":123,"column":35}},"123":{"start":{"line":124,"column":0},"end":{"line":124,"column":43}},"124":{"start":{"line":125,"column":0},"end":{"line":125,"column":42}},"125":{"start":{"line":126,"column":0},"end":{"line":126,"column":64}},"126":{"start":{"line":127,"column":0},"end":{"line":127,"column":79}},"127":{"start":{"line":128,"column":0},"end":{"line":128,"column":14}},"128":{"start":{"line":129,"column":0},"end":{"line":129,"column":0}},"129":{"start":{"line":130,"column":0},"end":{"line":130,"column":22}},"130":{"start":{"line":131,"column":0},"end":{"line":131,"column":38}},"131":{"start":{"line":132,"column":0},"end":{"line":132,"column":21}},"132":{"start":{"line":133,"column":0},"end":{"line":133,"column":42}},"133":{"start":{"line":134,"column":0},"end":{"line":134,"column":13}},"134":{"start":{"line":135,"column":0},"end":{"line":135,"column":12}},"135":{"start":{"line":136,"column":0},"end":{"line":136,"column":79}},"136":{"start":{"line":137,"column":0},"end":{"line":137,"column":36}},"137":{"start":{"line":138,"column":0},"end":{"line":138,"column":40}},"138":{"start":{"line":139,"column":0},"end":{"line":139,"column":22}},"139":{"start":{"line":140,"column":0},"end":{"line":140,"column":33}},"140":{"start":{"line":141,"column":0},"end":{"line":141,"column":37}},"141":{"start":{"line":142,"column":0},"end":{"line":142,"column":38}},"142":{"start":{"line":143,"column":0},"end":{"line":143,"column":55}},"143":{"start":{"line":144,"column":0},"end":{"line":144,"column":18}},"144":{"start":{"line":145,"column":0},"end":{"line":145,"column":48}},"145":{"start":{"line":146,"column":0},"end":{"line":146,"column":22}},"146":{"start":{"line":147,"column":0},"end":{"line":147,"column":14}},"147":{"start":{"line":148,"column":0},"end":{"line":148,"column":0}},"148":{"start":{"line":149,"column":0},"end":{"line":149,"column":55}},"149":{"start":{"line":150,"column":0},"end":{"line":150,"column":42}},"150":{"start":{"line":151,"column":0},"end":{"line":151,"column":67}},"151":{"start":{"line":152,"column":0},"end":{"line":152,"column":84}},"152":{"start":{"line":153,"column":0},"end":{"line":153,"column":35}},"153":{"start":{"line":154,"column":0},"end":{"line":154,"column":52}},"154":{"start":{"line":155,"column":0},"end":{"line":155,"column":48}},"155":{"start":{"line":156,"column":0},"end":{"line":156,"column":54}},"156":{"start":{"line":157,"column":0},"end":{"line":157,"column":53}},"157":{"start":{"line":158,"column":0},"end":{"line":158,"column":28}},"158":{"start":{"line":159,"column":0},"end":{"line":159,"column":31}},"159":{"start":{"line":160,"column":0},"end":{"line":160,"column":35}},"160":{"start":{"line":161,"column":0},"end":{"line":161,"column":43}},"161":{"start":{"line":162,"column":0},"end":{"line":162,"column":37}},"162":{"start":{"line":163,"column":0},"end":{"line":163,"column":44}},"163":{"start":{"line":164,"column":0},"end":{"line":164,"column":57}},"164":{"start":{"line":165,"column":0},"end":{"line":165,"column":42}},"165":{"start":{"line":166,"column":0},"end":{"line":166,"column":76}},"166":{"start":{"line":167,"column":0},"end":{"line":167,"column":43}},"167":{"start":{"line":168,"column":0},"end":{"line":168,"column":0}},"168":{"start":{"line":169,"column":0},"end":{"line":169,"column":69}},"169":{"start":{"line":170,"column":0},"end":{"line":170,"column":43}},"170":{"start":{"line":171,"column":0},"end":{"line":171,"column":76}},"171":{"start":{"line":172,"column":0},"end":{"line":172,"column":0}},"172":{"start":{"line":173,"column":0},"end":{"line":173,"column":80}},"173":{"start":{"line":174,"column":0},"end":{"line":174,"column":71}},"174":{"start":{"line":175,"column":0},"end":{"line":175,"column":26}},"175":{"start":{"line":176,"column":0},"end":{"line":176,"column":43}},"176":{"start":{"line":177,"column":0},"end":{"line":177,"column":54}},"177":{"start":{"line":178,"column":0},"end":{"line":178,"column":47}},"178":{"start":{"line":179,"column":0},"end":{"line":179,"column":71}},"179":{"start":{"line":180,"column":0},"end":{"line":180,"column":44}},"180":{"start":{"line":181,"column":0},"end":{"line":181,"column":66}},"181":{"start":{"line":182,"column":0},"end":{"line":182,"column":0}},"182":{"start":{"line":183,"column":0},"end":{"line":183,"column":82}},"183":{"start":{"line":184,"column":0},"end":{"line":184,"column":73}},"184":{"start":{"line":185,"column":0},"end":{"line":185,"column":27}},"185":{"start":{"line":186,"column":0},"end":{"line":186,"column":26}},"186":{"start":{"line":187,"column":0},"end":{"line":187,"column":40}},"187":{"start":{"line":188,"column":0},"end":{"line":188,"column":24}},"188":{"start":{"line":189,"column":0},"end":{"line":189,"column":23}},"189":{"start":{"line":190,"column":0},"end":{"line":190,"column":24}},"190":{"start":{"line":191,"column":0},"end":{"line":191,"column":92}},"191":{"start":{"line":192,"column":0},"end":{"line":192,"column":22}},"192":{"start":{"line":193,"column":0},"end":{"line":193,"column":20}},"193":{"start":{"line":194,"column":0},"end":{"line":194,"column":14}},"194":{"start":{"line":195,"column":0},"end":{"line":195,"column":0}},"195":{"start":{"line":196,"column":0},"end":{"line":196,"column":44}},"196":{"start":{"line":197,"column":0},"end":{"line":197,"column":47}},"197":{"start":{"line":198,"column":0},"end":{"line":198,"column":47}},"198":{"start":{"line":199,"column":0},"end":{"line":199,"column":52}},"199":{"start":{"line":200,"column":0},"end":{"line":200,"column":20}},"200":{"start":{"line":201,"column":0},"end":{"line":201,"column":54}},"201":{"start":{"line":202,"column":0},"end":{"line":202,"column":51}},"202":{"start":{"line":203,"column":0},"end":{"line":203,"column":26}},"203":{"start":{"line":204,"column":0},"end":{"line":204,"column":42}},"204":{"start":{"line":205,"column":0},"end":{"line":205,"column":33}},"205":{"start":{"line":206,"column":0},"end":{"line":206,"column":41}},"206":{"start":{"line":207,"column":0},"end":{"line":207,"column":35}},"207":{"start":{"line":208,"column":0},"end":{"line":208,"column":42}},"208":{"start":{"line":209,"column":0},"end":{"line":209,"column":50}},"209":{"start":{"line":210,"column":0},"end":{"line":210,"column":40}},"210":{"start":{"line":211,"column":0},"end":{"line":211,"column":74}},"211":{"start":{"line":212,"column":0},"end":{"line":212,"column":41}},"212":{"start":{"line":213,"column":0},"end":{"line":213,"column":0}},"213":{"start":{"line":214,"column":0},"end":{"line":214,"column":62}},"214":{"start":{"line":215,"column":0},"end":{"line":215,"column":41}},"215":{"start":{"line":216,"column":0},"end":{"line":216,"column":69}},"216":{"start":{"line":217,"column":0},"end":{"line":217,"column":0}},"217":{"start":{"line":218,"column":0},"end":{"line":218,"column":86}},"218":{"start":{"line":219,"column":0},"end":{"line":219,"column":69}},"219":{"start":{"line":220,"column":0},"end":{"line":220,"column":24}},"220":{"start":{"line":221,"column":0},"end":{"line":221,"column":41}},"221":{"start":{"line":222,"column":0},"end":{"line":222,"column":52}},"222":{"start":{"line":223,"column":0},"end":{"line":223,"column":45}},"223":{"start":{"line":224,"column":0},"end":{"line":224,"column":64}},"224":{"start":{"line":225,"column":0},"end":{"line":225,"column":42}},"225":{"start":{"line":226,"column":0},"end":{"line":226,"column":59}},"226":{"start":{"line":227,"column":0},"end":{"line":227,"column":0}},"227":{"start":{"line":228,"column":0},"end":{"line":228,"column":88}},"228":{"start":{"line":229,"column":0},"end":{"line":229,"column":71}},"229":{"start":{"line":230,"column":0},"end":{"line":230,"column":25}},"230":{"start":{"line":231,"column":0},"end":{"line":231,"column":24}},"231":{"start":{"line":232,"column":0},"end":{"line":232,"column":46}},"232":{"start":{"line":233,"column":0},"end":{"line":233,"column":22}},"233":{"start":{"line":234,"column":0},"end":{"line":234,"column":21}},"234":{"start":{"line":235,"column":0},"end":{"line":235,"column":22}},"235":{"start":{"line":236,"column":0},"end":{"line":236,"column":110}},"236":{"start":{"line":237,"column":0},"end":{"line":237,"column":29}},"237":{"start":{"line":238,"column":0},"end":{"line":238,"column":25}},"238":{"start":{"line":239,"column":0},"end":{"line":239,"column":20}},"239":{"start":{"line":240,"column":0},"end":{"line":240,"column":14}},"240":{"start":{"line":241,"column":0},"end":{"line":241,"column":13}},"241":{"start":{"line":242,"column":0},"end":{"line":242,"column":10}},"242":{"start":{"line":243,"column":0},"end":{"line":243,"column":0}},"243":{"start":{"line":244,"column":0},"end":{"line":244,"column":70}},"244":{"start":{"line":245,"column":0},"end":{"line":245,"column":12}},"245":{"start":{"line":246,"column":0},"end":{"line":246,"column":10}},"246":{"start":{"line":247,"column":0},"end":{"line":247,"column":4}},"247":{"start":{"line":248,"column":0},"end":{"line":248,"column":2}},"248":{"start":{"line":249,"column":0},"end":{"line":249,"column":0}},"249":{"start":{"line":250,"column":0},"end":{"line":250,"column":39}}},"s":{"0":1,"1":1,"2":1,"3":1,"4":1,"5":1,"6":1,"7":1,"8":1,"9":1,"10":1,"11":1,"12":1,"13":1,"14":1,"15":7,"16":7,"17":7,"18":7,"19":7,"20":7,"21":7,"22":7,"23":7,"24":7,"25":7,"26":3,"27":3,"28":3,"29":3,"30":3,"31":3,"32":3,"33":3,"34":3,"35":0,"36":0,"37":0,"38":0,"39":0,"40":0,"41":0,"42":3,"43":0,"44":0,"45":3,"46":3,"47":3,"48":3,"49":3,"50":3,"51":7,"52":7,"53":7,"54":1,"55":1,"56":1,"57":1,"58":1,"59":1,"60":1,"61":1,"62":1,"63":1,"64":1,"65":1,"66":0,"67":0,"68":0,"69":0,"70":0,"71":0,"72":1,"73":1,"74":1,"75":1,"76":1,"77":1,"78":1,"79":0,"80":0,"81":0,"82":1,"83":7,"84":7,"85":0,"86":0,"87":0,"88":0,"89":0,"90":0,"91":0,"92":0,"93":0,"94":0,"95":0,"96":0,"97":0,"98":0,"99":0,"100":7,"101":7,"102":0,"103":0,"104":0,"105":0,"106":0,"107":0,"108":0,"109":0,"110":0,"111":0,"112":0,"113":0,"114":0,"115":0,"116":0,"117":0,"118":0,"119":0,"120":7,"121":7,"122":7,"123":7,"124":7,"125":7,"126":7,"127":7,"128":7,"129":7,"130":3,"131":4,"132":0,"133":4,"134":4,"135":4,"136":4,"137":4,"138":4,"139":4,"140":4,"141":4,"142":4,"143":4,"144":4,"145":4,"146":4,"147":4,"148":4,"149":0,"150":0,"151":0,"152":0,"153":0,"154":0,"155":0,"156":0,"157":0,"158":0,"159":0,"160":0,"161":0,"162":0,"163":0,"164":0,"165":0,"166":0,"167":0,"168":0,"169":0,"170":0,"171":0,"172":0,"173":0,"174":0,"175":0,"176":0,"177":0,"178":0,"179":0,"180":0,"181":0,"182":0,"183":0,"184":0,"185":0,"186":0,"187":0,"188":0,"189":0,"190":0,"191":0,"192":0,"193":4,"194":4,"195":4,"196":0,"197":0,"198":0,"199":0,"200":0,"201":0,"202":0,"203":0,"204":0,"205":0,"206":0,"207":0,"208":0,"209":0,"210":0,"211":0,"212":0,"213":0,"214":0,"215":0,"216":0,"217":0,"218":0,"219":0,"220":0,"221":0,"222":0,"223":0,"224":0,"225":0,"226":0,"227":0,"228":0,"229":0,"230":0,"231":0,"232":0,"233":0,"234":0,"235":0,"236":0,"237":0,"238":0,"239":4,"240":4,"241":7,"242":7,"243":7,"244":7,"245":7,"246":7,"247":7,"248":1,"249":1},"branchMap":{"0":{"type":"branch","line":15,"loc":{"start":{"line":15,"column":49},"end":{"line":248,"column":2}},"locations":[{"start":{"line":15,"column":49},"end":{"line":248,"column":2}}]},"1":{"type":"branch","line":130,"loc":{"start":{"line":130,"column":9},"end":{"line":131,"column":38}},"locations":[{"start":{"line":130,"column":9},"end":{"line":131,"column":38}}]},"2":{"type":"branch","line":131,"loc":{"start":{"line":131,"column":34},"end":{"line":241,"column":13}},"locations":[{"start":{"line":131,"column":34},"end":{"line":241,"column":13}}]},"3":{"type":"branch","line":132,"loc":{"start":{"line":132,"column":12},"end":{"line":133,"column":42}},"locations":[{"start":{"line":132,"column":12},"end":{"line":133,"column":42}}]},"4":{"type":"branch","line":143,"loc":{"start":{"line":143,"column":28},"end":{"line":143,"column":55}},"locations":[{"start":{"line":143,"column":28},"end":{"line":143,"column":55}}]},"5":{"type":"branch","line":149,"loc":{"start":{"line":149,"column":13},"end":{"line":149,"column":36}},"locations":[{"start":{"line":149,"column":13},"end":{"line":149,"column":36}}]},"6":{"type":"branch","line":149,"loc":{"start":{"line":149,"column":26},"end":{"line":149,"column":55}},"locations":[{"start":{"line":149,"column":26},"end":{"line":149,"column":55}}]},"7":{"type":"branch","line":149,"loc":{"start":{"line":149,"column":37},"end":{"line":193,"column":20}},"locations":[{"start":{"line":149,"column":37},"end":{"line":193,"column":20}}]},"8":{"type":"branch","line":196,"loc":{"start":{"line":196,"column":13},"end":{"line":196,"column":44}},"locations":[{"start":{"line":196,"column":13},"end":{"line":196,"column":44}}]},"9":{"type":"branch","line":196,"loc":{"start":{"line":196,"column":26},"end":{"line":239,"column":20}},"locations":[{"start":{"line":196,"column":26},"end":{"line":239,"column":20}}]},"10":{"type":"branch","line":26,"loc":{"start":{"line":26,"column":12},"end":{"line":52,"column":5}},"locations":[{"start":{"line":26,"column":12},"end":{"line":52,"column":5}}]},"11":{"type":"branch","line":27,"loc":{"start":{"line":27,"column":26},"end":{"line":49,"column":6}},"locations":[{"start":{"line":27,"column":26},"end":{"line":49,"column":6}}]},"12":{"type":"branch","line":35,"loc":{"start":{"line":35,"column":12},"end":{"line":35,"column":46}},"locations":[{"start":{"line":35,"column":12},"end":{"line":35,"column":46}}]},"13":{"type":"branch","line":35,"loc":{"start":{"line":35,"column":46},"end":{"line":42,"column":9}},"locations":[{"start":{"line":35,"column":46},"end":{"line":42,"column":9}}]},"14":{"type":"branch","line":43,"loc":{"start":{"line":43,"column":6},"end":{"line":46,"column":8}},"locations":[{"start":{"line":43,"column":6},"end":{"line":46,"column":8}}]},"15":{"type":"branch","line":54,"loc":{"start":{"line":54,"column":20},"end":{"line":83,"column":4}},"locations":[{"start":{"line":54,"column":20},"end":{"line":83,"column":4}}]},"16":{"type":"branch","line":55,"loc":{"start":{"line":55,"column":8},"end":{"line":55,"column":36}},"locations":[{"start":{"line":55,"column":8},"end":{"line":55,"column":36}}]},"17":{"type":"branch","line":55,"loc":{"start":{"line":55,"column":36},"end":{"line":55,"column":43}},"locations":[{"start":{"line":55,"column":36},"end":{"line":55,"column":43}}]},"18":{"type":"branch","line":66,"loc":{"start":{"line":66,"column":17},"end":{"line":73,"column":13}},"locations":[{"start":{"line":66,"column":17},"end":{"line":73,"column":13}}]},"19":{"type":"branch","line":79,"loc":{"start":{"line":79,"column":4},"end":{"line":82,"column":5}},"locations":[{"start":{"line":79,"column":4},"end":{"line":82,"column":5}}]}},"b":{"0":[7],"1":[3],"2":[4],"3":[0],"4":[0],"5":[0],"6":[0],"7":[0],"8":[0],"9":[0],"10":[3],"11":[3],"12":[0],"13":[0],"14":[0],"15":[1],"16":[0],"17":[0],"18":[0],"19":[0]},"fnMap":{"0":{"name":"AccountPreferencesModal","decl":{"start":{"line":15,"column":49},"end":{"line":248,"column":2}},"loc":{"start":{"line":15,"column":49},"end":{"line":248,"column":2}},"line":15},"1":{"name":"fetchSettings","decl":{"start":{"line":27,"column":26},"end":{"line":49,"column":6}},"loc":{"start":{"line":27,"column":26},"end":{"line":49,"column":6}},"line":27},"2":{"name":"toggle2FA","decl":{"start":{"line":54,"column":20},"end":{"line":83,"column":4}},"loc":{"start":{"line":54,"column":20},"end":{"line":83,"column":4}},"line":54},"3":{"name":"handleVerify","decl":{"start":{"line":85,"column":23},"end":{"line":100,"column":4}},"loc":{"start":{"line":85,"column":23},"end":{"line":100,"column":4}},"line":85},"4":{"name":"handleDisable","decl":{"start":{"line":102,"column":24},"end":{"line":120,"column":4}},"loc":{"start":{"line":102,"column":24},"end":{"line":120,"column":4}},"line":102}},"f":{"0":7,"1":3,"2":1,"3":0,"4":0}}
,"E:\\Interactive Development\\Year 3\\Term 1\\Final\\Sportify_Frontend\\Sportify\\src\\Components\\AchievementNotification.tsx": {"path":"E:\\Interactive Development\\Year 3\\Term 1\\Final\\Sportify_Frontend\\Sportify\\src\\Components\\AchievementNotification.tsx","all":false,"statementMap":{"0":{"start":{"line":1,"column":0},"end":{"line":1,"column":45}},"1":{"start":{"line":2,"column":0},"end":{"line":2,"column":65}},"2":{"start":{"line":3,"column":0},"end":{"line":3,"column":56}},"3":{"start":{"line":4,"column":0},"end":{"line":4,"column":92}},"4":{"start":{"line":5,"column":0},"end":{"line":5,"column":0}},"5":{"start":{"line":6,"column":0},"end":{"line":6,"column":39}},"6":{"start":{"line":7,"column":0},"end":{"line":7,"column":46}},"7":{"start":{"line":8,"column":0},"end":{"line":8,"column":0}},"8":{"start":{"line":9,"column":0},"end":{"line":9,"column":10}},"9":{"start":{"line":10,"column":0},"end":{"line":10,"column":43}},"10":{"start":{"line":11,"column":0},"end":{"line":11,"column":23}},"11":{"start":{"line":12,"column":0},"end":{"line":12,"column":65}},"12":{"start":{"line":13,"column":0},"end":{"line":13,"column":21}},"13":{"start":{"line":14,"column":0},"end":{"line":14,"column":20}},"14":{"start":{"line":15,"column":0},"end":{"line":15,"column":41}},"15":{"start":{"line":16,"column":0},"end":{"line":16,"column":44}},"16":{"start":{"line":17,"column":0},"end":{"line":17,"column":42}},"17":{"start":{"line":18,"column":0},"end":{"line":18,"column":41}},"18":{"start":{"line":19,"column":0},"end":{"line":19,"column":61}},"19":{"start":{"line":20,"column":0},"end":{"line":20,"column":11}},"20":{"start":{"line":21,"column":0},"end":{"line":21,"column":25}},"21":{"start":{"line":22,"column":0},"end":{"line":22,"column":18}},"22":{"start":{"line":23,"column":0},"end":{"line":23,"column":44}},"23":{"start":{"line":24,"column":0},"end":{"line":24,"column":12}},"24":{"start":{"line":25,"column":0},"end":{"line":25,"column":30}},"25":{"start":{"line":26,"column":0},"end":{"line":26,"column":2}},"26":{"start":{"line":27,"column":0},"end":{"line":27,"column":0}},"27":{"start":{"line":28,"column":0},"end":{"line":28,"column":14}},"28":{"start":{"line":29,"column":0},"end":{"line":29,"column":17}},"29":{"start":{"line":30,"column":0},"end":{"line":30,"column":58}},"30":{"start":{"line":31,"column":0},"end":{"line":31,"column":62}},"31":{"start":{"line":32,"column":0},"end":{"line":32,"column":18}},"32":{"start":{"line":33,"column":0},"end":{"line":33,"column":23}},"33":{"start":{"line":34,"column":0},"end":{"line":34,"column":11}},"34":{"start":{"line":35,"column":0},"end":{"line":35,"column":24}},"35":{"start":{"line":36,"column":0},"end":{"line":36,"column":10}},"36":{"start":{"line":37,"column":0},"end":{"line":37,"column":4}},"37":{"start":{"line":38,"column":0},"end":{"line":38,"column":2}},"38":{"start":{"line":39,"column":0},"end":{"line":39,"column":0}},"39":{"start":{"line":40,"column":0},"end":{"line":40,"column":39}}},"s":{"0":1,"1":1,"2":1,"3":1,"4":1,"5":1,"6":2,"7":2,"8":2,"9":2,"10":2,"11":2,"12":1,"13":1,"14":1,"15":1,"16":1,"17":1,"18":1,"19":1,"20":1,"21":1,"22":1,"23":1,"24":1,"25":1,"26":1,"27":1,"28":1,"29":1,"30":1,"31":1,"32":1,"33":2,"34":2,"35":2,"36":2,"37":2,"38":1,"39":1},"branchMap":{"0":{"type":"branch","line":6,"loc":{"start":{"line":6,"column":32},"end":{"line":38,"column":2}},"locations":[{"start":{"line":6,"column":32},"end":{"line":38,"column":2}}]},"1":{"type":"branch","line":12,"loc":{"start":{"line":12,"column":27},"end":{"line":33,"column":23}},"locations":[{"start":{"line":12,"column":27},"end":{"line":33,"column":23}}]},"2":{"type":"branch","line":23,"loc":{"start":{"line":23,"column":17},"end":{"line":23,"column":44}},"locations":[{"start":{"line":23,"column":17},"end":{"line":23,"column":44}}]}},"b":{"0":[2],"1":[1],"2":[0]},"fnMap":{"0":{"name":"AchievementNotification","decl":{"start":{"line":6,"column":32},"end":{"line":38,"column":2}},"loc":{"start":{"line":6,"column":32},"end":{"line":38,"column":2}},"line":6}},"f":{"0":2}}
,"E:\\Interactive Development\\Year 3\\Term 1\\Final\\Sportify_Frontend\\Sportify\\src\\Components\\ChangePasswordModal.tsx": {"path":"E:\\Interactive Development\\Year 3\\Term 1\\Final\\Sportify_Frontend\\Sportify\\src\\Components\\ChangePasswordModal.tsx","all":false,"statementMap":{"0":{"start":{"line":1,"column":0},"end":{"line":1,"column":44}},"1":{"start":{"line":2,"column":0},"end":{"line":2,"column":51}},"2":{"start":{"line":3,"column":0},"end":{"line":3,"column":42}},"3":{"start":{"line":4,"column":0},"end":{"line":4,"column":0}},"4":{"start":{"line":5,"column":0},"end":{"line":5,"column":17}},"5":{"start":{"line":6,"column":0},"end":{"line":6,"column":22}},"6":{"start":{"line":7,"column":0},"end":{"line":7,"column":1}},"7":{"start":{"line":8,"column":0},"end":{"line":8,"column":0}},"8":{"start":{"line":9,"column":0},"end":{"line":9,"column":63}},"9":{"start":{"line":10,"column":0},"end":{"line":10,"column":60}},"10":{"start":{"line":11,"column":0},"end":{"line":11,"column":39}},"11":{"start":{"line":12,"column":0},"end":{"line":12,"column":53}},"12":{"start":{"line":13,"column":0},"end":{"line":13,"column":50}},"13":{"start":{"line":14,"column":0},"end":{"line":14,"column":64}},"14":{"start":{"line":15,"column":0},"end":{"line":15,"column":0}},"15":{"start":{"line":16,"column":0},"end":{"line":16,"column":52}},"16":{"start":{"line":17,"column":0},"end":{"line":17,"column":0}},"17":{"start":{"line":18,"column":0},"end":{"line":18,"column":19}},"18":{"start":{"line":19,"column":0},"end":{"line":19,"column":46}},"19":{"start":{"line":20,"column":0},"end":{"line":20,"column":34}},"20":{"start":{"line":21,"column":0},"end":{"line":21,"column":9}},"21":{"start":{"line":22,"column":0},"end":{"line":22,"column":0}},"22":{"start":{"line":23,"column":0},"end":{"line":23,"column":69}},"23":{"start":{"line":24,"column":0},"end":{"line":24,"column":48}},"24":{"start":{"line":25,"column":0},"end":{"line":25,"column":86}},"25":{"start":{"line":26,"column":0},"end":{"line":26,"column":30}},"26":{"start":{"line":27,"column":0},"end":{"line":27,"column":65}},"27":{"start":{"line":28,"column":0},"end":{"line":28,"column":20}},"28":{"start":{"line":29,"column":0},"end":{"line":29,"column":35}},"29":{"start":{"line":30,"column":0},"end":{"line":30,"column":45}},"30":{"start":{"line":31,"column":0},"end":{"line":31,"column":5}},"31":{"start":{"line":32,"column":0},"end":{"line":32,"column":4}},"32":{"start":{"line":33,"column":0},"end":{"line":33,"column":0}},"33":{"start":{"line":34,"column":0},"end":{"line":34,"column":10}},"34":{"start":{"line":35,"column":0},"end":{"line":35,"column":35}},"35":{"start":{"line":36,"column":0},"end":{"line":36,"column":36}},"36":{"start":{"line":37,"column":0},"end":{"line":37,"column":58}},"37":{"start":{"line":38,"column":0},"end":{"line":38,"column":0}},"38":{"start":{"line":39,"column":0},"end":{"line":39,"column":22}},"39":{"start":{"line":40,"column":0},"end":{"line":40,"column":12}},"40":{"start":{"line":41,"column":0},"end":{"line":41,"column":47}},"41":{"start":{"line":42,"column":0},"end":{"line":42,"column":49}},"42":{"start":{"line":43,"column":0},"end":{"line":43,"column":48}},"43":{"start":{"line":44,"column":0},"end":{"line":44,"column":22}},"44":{"start":{"line":45,"column":0},"end":{"line":45,"column":29}},"45":{"start":{"line":46,"column":0},"end":{"line":46,"column":45}},"46":{"start":{"line":47,"column":0},"end":{"line":47,"column":29}},"47":{"start":{"line":48,"column":0},"end":{"line":48,"column":37}},"48":{"start":{"line":49,"column":0},"end":{"line":49,"column":31}},"49":{"start":{"line":50,"column":0},"end":{"line":50,"column":38}},"50":{"start":{"line":51,"column":0},"end":{"line":51,"column":43}},"51":{"start":{"line":52,"column":0},"end":{"line":52,"column":36}},"52":{"start":{"line":53,"column":0},"end":{"line":53,"column":65}},"53":{"start":{"line":54,"column":0},"end":{"line":54,"column":37}},"54":{"start":{"line":55,"column":0},"end":{"line":55,"column":51}},"55":{"start":{"line":56,"column":0},"end":{"line":56,"column":41}},"56":{"start":{"line":57,"column":0},"end":{"line":57,"column":46}},"57":{"start":{"line":58,"column":0},"end":{"line":58,"column":85}},"58":{"start":{"line":59,"column":0},"end":{"line":59,"column":65}},"59":{"start":{"line":60,"column":0},"end":{"line":60,"column":20}},"60":{"start":{"line":61,"column":0},"end":{"line":61,"column":37}},"61":{"start":{"line":62,"column":0},"end":{"line":62,"column":85}},"62":{"start":{"line":63,"column":0},"end":{"line":63,"column":85}},"63":{"start":{"line":64,"column":0},"end":{"line":64,"column":48}},"64":{"start":{"line":65,"column":0},"end":{"line":65,"column":41}},"65":{"start":{"line":66,"column":0},"end":{"line":66,"column":53}},"66":{"start":{"line":67,"column":0},"end":{"line":67,"column":42}},"67":{"start":{"line":68,"column":0},"end":{"line":68,"column":48}},"68":{"start":{"line":69,"column":0},"end":{"line":69,"column":80}},"69":{"start":{"line":70,"column":0},"end":{"line":70,"column":63}},"70":{"start":{"line":71,"column":0},"end":{"line":71,"column":41}},"71":{"start":{"line":72,"column":0},"end":{"line":72,"column":57}},"72":{"start":{"line":73,"column":0},"end":{"line":73,"column":64}},"73":{"start":{"line":74,"column":0},"end":{"line":74,"column":41}},"74":{"start":{"line":75,"column":0},"end":{"line":75,"column":57}},"75":{"start":{"line":76,"column":0},"end":{"line":76,"column":21}},"76":{"start":{"line":77,"column":0},"end":{"line":77,"column":20}},"77":{"start":{"line":78,"column":0},"end":{"line":78,"column":18}},"78":{"start":{"line":79,"column":0},"end":{"line":79,"column":17}},"79":{"start":{"line":80,"column":0},"end":{"line":80,"column":18}},"80":{"start":{"line":81,"column":0},"end":{"line":81,"column":19}},"81":{"start":{"line":82,"column":0},"end":{"line":82,"column":35}},"82":{"start":{"line":83,"column":0},"end":{"line":83,"column":43}},"83":{"start":{"line":84,"column":0},"end":{"line":84,"column":36}},"84":{"start":{"line":85,"column":0},"end":{"line":85,"column":76}},"85":{"start":{"line":86,"column":0},"end":{"line":86,"column":33}},"86":{"start":{"line":87,"column":0},"end":{"line":87,"column":66}},"87":{"start":{"line":88,"column":0},"end":{"line":88,"column":57}},"88":{"start":{"line":89,"column":0},"end":{"line":89,"column":19}},"89":{"start":{"line":90,"column":0},"end":{"line":90,"column":30}},"90":{"start":{"line":91,"column":0},"end":{"line":91,"column":53}},"91":{"start":{"line":92,"column":0},"end":{"line":92,"column":25}},"92":{"start":{"line":93,"column":0},"end":{"line":93,"column":17}},"93":{"start":{"line":94,"column":0},"end":{"line":94,"column":34}},"94":{"start":{"line":95,"column":0},"end":{"line":95,"column":79}},"95":{"start":{"line":96,"column":0},"end":{"line":96,"column":16}},"96":{"start":{"line":97,"column":0},"end":{"line":97,"column":13}},"97":{"start":{"line":98,"column":0},"end":{"line":98,"column":20}},"98":{"start":{"line":99,"column":0},"end":{"line":99,"column":21}},"99":{"start":{"line":100,"column":0},"end":{"line":100,"column":13}},"100":{"start":{"line":101,"column":0},"end":{"line":101,"column":13}},"101":{"start":{"line":102,"column":0},"end":{"line":102,"column":12}},"102":{"start":{"line":103,"column":0},"end":{"line":103,"column":43}},"103":{"start":{"line":104,"column":0},"end":{"line":104,"column":52}},"104":{"start":{"line":105,"column":0},"end":{"line":105,"column":20}},"105":{"start":{"line":106,"column":0},"end":{"line":106,"column":60}},"106":{"start":{"line":107,"column":0},"end":{"line":107,"column":42}},"107":{"start":{"line":108,"column":0},"end":{"line":108,"column":38}},"108":{"start":{"line":109,"column":0},"end":{"line":109,"column":35}},"109":{"start":{"line":110,"column":0},"end":{"line":110,"column":64}},"110":{"start":{"line":111,"column":0},"end":{"line":111,"column":24}},"111":{"start":{"line":112,"column":0},"end":{"line":112,"column":16}},"112":{"start":{"line":113,"column":0},"end":{"line":113,"column":21}},"113":{"start":{"line":114,"column":0},"end":{"line":114,"column":29}},"114":{"start":{"line":115,"column":0},"end":{"line":115,"column":43}},"115":{"start":{"line":116,"column":0},"end":{"line":116,"column":68}},"116":{"start":{"line":117,"column":0},"end":{"line":117,"column":15}},"117":{"start":{"line":118,"column":0},"end":{"line":118,"column":62}},"118":{"start":{"line":119,"column":0},"end":{"line":119,"column":23}},"119":{"start":{"line":120,"column":0},"end":{"line":120,"column":18}},"120":{"start":{"line":121,"column":0},"end":{"line":121,"column":0}},"121":{"start":{"line":122,"column":0},"end":{"line":122,"column":19}},"122":{"start":{"line":123,"column":0},"end":{"line":123,"column":35}},"123":{"start":{"line":124,"column":0},"end":{"line":124,"column":43}},"124":{"start":{"line":125,"column":0},"end":{"line":125,"column":36}},"125":{"start":{"line":126,"column":0},"end":{"line":126,"column":90}},"126":{"start":{"line":127,"column":0},"end":{"line":127,"column":33}},"127":{"start":{"line":128,"column":0},"end":{"line":128,"column":66}},"128":{"start":{"line":129,"column":0},"end":{"line":129,"column":56}},"129":{"start":{"line":130,"column":0},"end":{"line":130,"column":19}},"130":{"start":{"line":131,"column":0},"end":{"line":131,"column":30}},"131":{"start":{"line":132,"column":0},"end":{"line":132,"column":62}},"132":{"start":{"line":133,"column":0},"end":{"line":133,"column":25}},"133":{"start":{"line":134,"column":0},"end":{"line":134,"column":17}},"134":{"start":{"line":135,"column":0},"end":{"line":135,"column":58}},"135":{"start":{"line":136,"column":0},"end":{"line":136,"column":26}},"136":{"start":{"line":137,"column":0},"end":{"line":137,"column":16}},"137":{"start":{"line":138,"column":0},"end":{"line":138,"column":13}},"138":{"start":{"line":139,"column":0},"end":{"line":139,"column":18}},"139":{"start":{"line":140,"column":0},"end":{"line":140,"column":21}},"140":{"start":{"line":141,"column":0},"end":{"line":141,"column":13}},"141":{"start":{"line":142,"column":0},"end":{"line":142,"column":10}},"142":{"start":{"line":143,"column":0},"end":{"line":143,"column":0}},"143":{"start":{"line":144,"column":0},"end":{"line":144,"column":57}},"144":{"start":{"line":145,"column":0},"end":{"line":145,"column":18}},"145":{"start":{"line":146,"column":0},"end":{"line":146,"column":17}},"146":{"start":{"line":147,"column":0},"end":{"line":147,"column":12}},"147":{"start":{"line":148,"column":0},"end":{"line":148,"column":10}},"148":{"start":{"line":149,"column":0},"end":{"line":149,"column":4}},"149":{"start":{"line":150,"column":0},"end":{"line":150,"column":2}},"150":{"start":{"line":151,"column":0},"end":{"line":151,"column":0}},"151":{"start":{"line":152,"column":0},"end":{"line":152,"column":35}}},"s":{"0":1,"1":1,"2":1,"3":1,"4":1,"5":1,"6":1,"7":1,"8":1,"9":23,"10":23,"11":23,"12":23,"13":23,"14":23,"15":23,"16":23,"17":23,"18":4,"19":4,"20":23,"21":23,"22":23,"23":3,"24":3,"25":3,"26":3,"27":3,"28":0,"29":0,"30":0,"31":3,"32":23,"33":23,"34":23,"35":23,"36":23,"37":23,"38":23,"39":20,"40":20,"41":20,"42":20,"43":120,"44":120,"45":120,"46":120,"47":120,"48":120,"49":120,"50":120,"51":120,"52":12,"53":12,"54":12,"55":12,"56":12,"57":12,"58":12,"59":12,"60":120,"61":0,"62":0,"63":0,"64":0,"65":0,"66":0,"67":0,"68":0,"69":0,"70":0,"71":0,"72":0,"73":0,"74":0,"75":0,"76":0,"77":120,"78":20,"79":20,"80":20,"81":20,"82":20,"83":20,"84":2,"85":2,"86":2,"87":2,"88":2,"89":2,"90":0,"91":0,"92":0,"93":2,"94":2,"95":2,"96":20,"97":20,"98":20,"99":20,"100":3,"101":3,"102":3,"103":3,"104":3,"105":3,"106":3,"107":3,"108":3,"109":3,"110":3,"111":3,"112":3,"113":3,"114":3,"115":3,"116":3,"117":3,"118":3,"119":3,"120":3,"121":3,"122":3,"123":3,"124":3,"125":1,"126":1,"127":1,"128":1,"129":1,"130":1,"131":0,"132":0,"133":0,"134":1,"135":1,"136":1,"137":3,"138":3,"139":3,"140":3,"141":23,"142":23,"143":23,"144":23,"145":23,"146":23,"147":23,"148":23,"149":23,"150":1,"151":1},"branchMap":{"0":{"type":"branch","line":9,"loc":{"start":{"line":9,"column":45},"end":{"line":150,"column":2}},"locations":[{"start":{"line":9,"column":45},"end":{"line":150,"column":2}}]},"1":{"type":"branch","line":39,"loc":{"start":{"line":39,"column":10},"end":{"line":100,"column":13}},"locations":[{"start":{"line":39,"column":10},"end":{"line":100,"column":13}}]},"2":{"type":"branch","line":100,"loc":{"start":{"line":100,"column":10},"end":{"line":141,"column":13}},"locations":[{"start":{"line":100,"column":10},"end":{"line":141,"column":13}}]},"3":{"type":"branch","line":106,"loc":{"start":{"line":106,"column":22},"end":{"line":106,"column":49}},"locations":[{"start":{"line":106,"column":22},"end":{"line":106,"column":49}}]},"4":{"type":"branch","line":118,"loc":{"start":{"line":118,"column":17},"end":{"line":118,"column":52}},"locations":[{"start":{"line":118,"column":17},"end":{"line":118,"column":52}}]},"5":{"type":"branch","line":18,"loc":{"start":{"line":18,"column":12},"end":{"line":21,"column":5}},"locations":[{"start":{"line":18,"column":12},"end":{"line":21,"column":5}}]},"6":{"type":"branch","line":23,"loc":{"start":{"line":23,"column":20},"end":{"line":32,"column":4}},"locations":[{"start":{"line":23,"column":20},"end":{"line":32,"column":4}}]},"7":{"type":"branch","line":25,"loc":{"start":{"line":25,"column":52},"end":{"line":25,"column":83}},"locations":[{"start":{"line":25,"column":52},"end":{"line":25,"column":83}}]},"8":{"type":"branch","line":28,"loc":{"start":{"line":28,"column":19},"end":{"line":31,"column":5}},"locations":[{"start":{"line":28,"column":19},"end":{"line":31,"column":5}}]},"9":{"type":"branch","line":43,"loc":{"start":{"line":43,"column":33},"end":{"line":78,"column":18}},"locations":[{"start":{"line":43,"column":33},"end":{"line":78,"column":18}}]},"10":{"type":"branch","line":51,"loc":{"start":{"line":51,"column":35},"end":{"line":51,"column":43}},"locations":[{"start":{"line":51,"column":35},"end":{"line":51,"column":43}}]},"11":{"type":"branch","line":52,"loc":{"start":{"line":52,"column":28},"end":{"line":60,"column":20}},"locations":[{"start":{"line":52,"column":28},"end":{"line":60,"column":20}}]},"12":{"type":"branch","line":54,"loc":{"start":{"line":54,"column":30},"end":{"line":54,"column":37}},"locations":[{"start":{"line":54,"column":30},"end":{"line":54,"column":37}}]},"13":{"type":"branch","line":59,"loc":{"start":{"line":59,"column":31},"end":{"line":59,"column":65}},"locations":[{"start":{"line":59,"column":31},"end":{"line":59,"column":65}}]},"14":{"type":"branch","line":84,"loc":{"start":{"line":84,"column":23},"end":{"line":96,"column":16}},"locations":[{"start":{"line":84,"column":23},"end":{"line":96,"column":16}}]},"15":{"type":"branch","line":90,"loc":{"start":{"line":90,"column":29},"end":{"line":93,"column":17}},"locations":[{"start":{"line":90,"column":29},"end":{"line":93,"column":17}}]},"16":{"type":"branch","line":110,"loc":{"start":{"line":110,"column":26},"end":{"line":110,"column":64}},"locations":[{"start":{"line":110,"column":26},"end":{"line":110,"column":64}}]},"17":{"type":"branch","line":125,"loc":{"start":{"line":125,"column":23},"end":{"line":137,"column":16}},"locations":[{"start":{"line":125,"column":23},"end":{"line":137,"column":16}}]},"18":{"type":"branch","line":131,"loc":{"start":{"line":131,"column":29},"end":{"line":134,"column":17}},"locations":[{"start":{"line":131,"column":29},"end":{"line":134,"column":17}}]}},"b":{"0":[23],"1":[20],"2":[3],"3":[0],"4":[0],"5":[4],"6":[3],"7":[0],"8":[0],"9":[120],"10":[78],"11":[12],"12":[0],"13":[10],"14":[2],"15":[0],"16":[1],"17":[1],"18":[0]},"fnMap":{"0":{"name":"ChangePasswordModal","decl":{"start":{"line":9,"column":45},"end":{"line":150,"column":2}},"loc":{"start":{"line":9,"column":45},"end":{"line":150,"column":2}},"line":9},"1":{"name":"showToast","decl":{"start":{"line":23,"column":20},"end":{"line":32,"column":4}},"loc":{"start":{"line":23,"column":20},"end":{"line":32,"column":4}},"line":23},"2":{"name":"onChange","decl":{"start":{"line":52,"column":28},"end":{"line":60,"column":20}},"loc":{"start":{"line":52,"column":28},"end":{"line":60,"column":20}},"line":52},"3":{"name":"onKeyDown","decl":{"start":{"line":61,"column":29},"end":{"line":77,"column":20}},"loc":{"start":{"line":61,"column":29},"end":{"line":77,"column":20}},"line":61},"4":{"name":"onClick","decl":{"start":{"line":84,"column":23},"end":{"line":96,"column":16}},"loc":{"start":{"line":84,"column":23},"end":{"line":96,"column":16}},"line":84},"5":{"name":"onChange","decl":{"start":{"line":110,"column":26},"end":{"line":110,"column":64}},"loc":{"start":{"line":110,"column":26},"end":{"line":110,"column":64}},"line":110},"6":{"name":"onClick","decl":{"start":{"line":116,"column":25},"end":{"line":116,"column":68}},"loc":{"start":{"line":116,"column":25},"end":{"line":116,"column":68}},"line":116},"7":{"name":"onClick","decl":{"start":{"line":125,"column":23},"end":{"line":137,"column":16}},"loc":{"start":{"line":125,"column":23},"end":{"line":137,"column":16}},"line":125}},"f":{"0":23,"1":3,"2":12,"3":0,"4":2,"5":1,"6":0,"7":1}}
,"E:\\Interactive Development\\Year 3\\Term 1\\Final\\Sportify_Frontend\\Sportify\\src\\Components\\Demo.tsx": {"path":"E:\\Interactive Development\\Year 3\\Term 1\\Final\\Sportify_Frontend\\Sportify\\src\\Components\\Demo.tsx","all":false,"statementMap":{"0":{"start":{"line":1,"column":0},"end":{"line":1,"column":32}},"1":{"start":{"line":2,"column":0},"end":{"line":2,"column":33}},"2":{"start":{"line":3,"column":0},"end":{"line":3,"column":1}}},"s":{"0":1,"1":1,"2":1},"branchMap":{"0":{"type":"branch","line":1,"loc":{"start":{"line":1,"column":0},"end":{"line":3,"column":1}},"locations":[{"start":{"line":1,"column":0},"end":{"line":3,"column":1}}]}},"b":{"0":[1]},"fnMap":{"0":{"name":"Demo","decl":{"start":{"line":1,"column":0},"end":{"line":3,"column":1}},"loc":{"start":{"line":1,"column":0},"end":{"line":3,"column":1}},"line":1}},"f":{"0":1}}
,"E:\\Interactive Development\\Year 3\\Term 1\\Final\\Sportify_Frontend\\Sportify\\src\\Components\\EventCreator.tsx": {"path":"E:\\Interactive Development\\Year 3\\Term 1\\Final\\Sportify_Frontend\\Sportify\\src\\Components\\EventCreator.tsx","all":true,"statementMap":{"0":{"start":{"line":1,"column":0},"end":{"line":1,"column":44}},"1":{"start":{"line":2,"column":0},"end":{"line":2,"column":56}},"2":{"start":{"line":3,"column":0},"end":{"line":3,"column":91}},"3":{"start":{"line":4,"column":0},"end":{"line":4,"column":40}},"4":{"start":{"line":5,"column":0},"end":{"line":5,"column":56}},"5":{"start":{"line":6,"column":0},"end":{"line":6,"column":40}},"6":{"start":{"line":7,"column":0},"end":{"line":7,"column":47}},"7":{"start":{"line":8,"column":0},"end":{"line":8,"column":0}},"8":{"start":{"line":9,"column":0},"end":{"line":9,"column":0}},"9":{"start":{"line":10,"column":0},"end":{"line":10,"column":0}},"10":{"start":{"line":11,"column":0},"end":{"line":11,"column":28}},"11":{"start":{"line":12,"column":0},"end":{"line":12,"column":36}},"12":{"start":{"line":13,"column":0},"end":{"line":13,"column":14}},"13":{"start":{"line":14,"column":0},"end":{"line":14,"column":20}},"14":{"start":{"line":15,"column":0},"end":{"line":15,"column":17}},"15":{"start":{"line":16,"column":0},"end":{"line":16,"column":22}},"16":{"start":{"line":17,"column":0},"end":{"line":17,"column":20}},"17":{"start":{"line":18,"column":0},"end":{"line":18,"column":18}},"18":{"start":{"line":19,"column":0},"end":{"line":19,"column":18}},"19":{"start":{"line":20,"column":0},"end":{"line":20,"column":25}},"20":{"start":{"line":21,"column":0},"end":{"line":21,"column":22}},"21":{"start":{"line":22,"column":0},"end":{"line":22,"column":17}},"22":{"start":{"line":23,"column":0},"end":{"line":23,"column":5}},"23":{"start":{"line":24,"column":0},"end":{"line":24,"column":0}},"24":{"start":{"line":25,"column":0},"end":{"line":25,"column":78}},"25":{"start":{"line":26,"column":0},"end":{"line":26,"column":66}},"26":{"start":{"line":27,"column":0},"end":{"line":27,"column":49}},"27":{"start":{"line":28,"column":0},"end":{"line":28,"column":41}},"28":{"start":{"line":29,"column":0},"end":{"line":29,"column":45}},"29":{"start":{"line":30,"column":0},"end":{"line":30,"column":67}},"30":{"start":{"line":31,"column":0},"end":{"line":31,"column":76}},"31":{"start":{"line":32,"column":0},"end":{"line":32,"column":0}},"32":{"start":{"line":33,"column":0},"end":{"line":33,"column":23}},"33":{"start":{"line":34,"column":0},"end":{"line":34,"column":32}},"34":{"start":{"line":35,"column":0},"end":{"line":35,"column":26}},"35":{"start":{"line":36,"column":0},"end":{"line":36,"column":15}},"36":{"start":{"line":37,"column":0},"end":{"line":37,"column":1}},"37":{"start":{"line":38,"column":0},"end":{"line":38,"column":0}},"38":{"start":{"line":39,"column":0},"end":{"line":39,"column":60}},"39":{"start":{"line":40,"column":0},"end":{"line":40,"column":67}},"40":{"start":{"line":41,"column":0},"end":{"line":41,"column":52}},"41":{"start":{"line":42,"column":0},"end":{"line":42,"column":0}},"42":{"start":{"line":43,"column":0},"end":{"line":43,"column":19}},"43":{"start":{"line":44,"column":0},"end":{"line":44,"column":31}},"44":{"start":{"line":45,"column":0},"end":{"line":45,"column":11}},"45":{"start":{"line":46,"column":0},"end":{"line":46,"column":39}},"46":{"start":{"line":47,"column":0},"end":{"line":47,"column":0}},"47":{"start":{"line":48,"column":0},"end":{"line":48,"column":58}},"48":{"start":{"line":49,"column":0},"end":{"line":49,"column":35}},"49":{"start":{"line":50,"column":0},"end":{"line":50,"column":45}},"50":{"start":{"line":51,"column":0},"end":{"line":51,"column":37}},"51":{"start":{"line":52,"column":0},"end":{"line":52,"column":15}},"52":{"start":{"line":53,"column":0},"end":{"line":53,"column":2}},"53":{"start":{"line":54,"column":0},"end":{"line":54,"column":0}},"54":{"start":{"line":55,"column":0},"end":{"line":55,"column":25}},"55":{"start":{"line":56,"column":0},"end":{"line":56,"column":0}},"56":{"start":{"line":57,"column":0},"end":{"line":57,"column":21}},"57":{"start":{"line":58,"column":0},"end":{"line":58,"column":63}},"58":{"start":{"line":59,"column":0},"end":{"line":59,"column":7}},"59":{"start":{"line":60,"column":0},"end":{"line":60,"column":6}},"60":{"start":{"line":61,"column":0},"end":{"line":61,"column":12}},"61":{"start":{"line":62,"column":0},"end":{"line":62,"column":15}},"62":{"start":{"line":63,"column":0},"end":{"line":63,"column":0}},"63":{"start":{"line":64,"column":0},"end":{"line":64,"column":36}},"64":{"start":{"line":65,"column":0},"end":{"line":65,"column":8}},"65":{"start":{"line":66,"column":0},"end":{"line":66,"column":50}},"66":{"start":{"line":67,"column":0},"end":{"line":67,"column":19}},"67":{"start":{"line":68,"column":0},"end":{"line":68,"column":73}},"68":{"start":{"line":69,"column":0},"end":{"line":69,"column":6}},"69":{"start":{"line":70,"column":0},"end":{"line":70,"column":7}},"70":{"start":{"line":71,"column":0},"end":{"line":71,"column":142}},"71":{"start":{"line":72,"column":0},"end":{"line":72,"column":7}},"72":{"start":{"line":73,"column":0},"end":{"line":73,"column":10}},"73":{"start":{"line":74,"column":0},"end":{"line":74,"column":4}},"74":{"start":{"line":75,"column":0},"end":{"line":75,"column":2}},"75":{"start":{"line":76,"column":0},"end":{"line":76,"column":0}},"76":{"start":{"line":77,"column":0},"end":{"line":77,"column":48}},"77":{"start":{"line":78,"column":0},"end":{"line":78,"column":0}},"78":{"start":{"line":79,"column":0},"end":{"line":79,"column":46}},"79":{"start":{"line":80,"column":0},"end":{"line":80,"column":0}},"80":{"start":{"line":81,"column":0},"end":{"line":81,"column":17}},"81":{"start":{"line":82,"column":0},"end":{"line":82,"column":23}},"82":{"start":{"line":83,"column":0},"end":{"line":83,"column":24}},"83":{"start":{"line":84,"column":0},"end":{"line":84,"column":34}},"84":{"start":{"line":85,"column":0},"end":{"line":85,"column":69}},"85":{"start":{"line":86,"column":0},"end":{"line":86,"column":35}},"86":{"start":{"line":87,"column":0},"end":{"line":87,"column":8}},"87":{"start":{"line":88,"column":0},"end":{"line":88,"column":32}},"88":{"start":{"line":89,"column":0},"end":{"line":89,"column":27}},"89":{"start":{"line":90,"column":0},"end":{"line":90,"column":58}},"90":{"start":{"line":91,"column":0},"end":{"line":91,"column":8}},"91":{"start":{"line":92,"column":0},"end":{"line":92,"column":40}},"92":{"start":{"line":93,"column":0},"end":{"line":93,"column":3}},"93":{"start":{"line":94,"column":0},"end":{"line":94,"column":7}},"94":{"start":{"line":95,"column":0},"end":{"line":95,"column":0}},"95":{"start":{"line":96,"column":0},"end":{"line":96,"column":0}},"96":{"start":{"line":97,"column":0},"end":{"line":97,"column":44}},"97":{"start":{"line":98,"column":0},"end":{"line":98,"column":122}},"98":{"start":{"line":99,"column":0},"end":{"line":99,"column":26}},"99":{"start":{"line":100,"column":0},"end":{"line":100,"column":8}},"100":{"start":{"line":101,"column":0},"end":{"line":101,"column":47}},"101":{"start":{"line":102,"column":0},"end":{"line":102,"column":4}},"102":{"start":{"line":103,"column":0},"end":{"line":103,"column":0}},"103":{"start":{"line":104,"column":0},"end":{"line":104,"column":73}},"104":{"start":{"line":105,"column":0},"end":{"line":105,"column":37}},"105":{"start":{"line":106,"column":0},"end":{"line":106,"column":15}},"106":{"start":{"line":107,"column":0},"end":{"line":107,"column":38}},"107":{"start":{"line":108,"column":0},"end":{"line":108,"column":32}},"108":{"start":{"line":109,"column":0},"end":{"line":109,"column":76}},"109":{"start":{"line":110,"column":0},"end":{"line":110,"column":8}},"110":{"start":{"line":111,"column":0},"end":{"line":111,"column":33}},"111":{"start":{"line":112,"column":0},"end":{"line":112,"column":5}},"112":{"start":{"line":113,"column":0},"end":{"line":113,"column":4}},"113":{"start":{"line":114,"column":0},"end":{"line":114,"column":0}},"114":{"start":{"line":115,"column":0},"end":{"line":115,"column":52}},"115":{"start":{"line":116,"column":0},"end":{"line":116,"column":21}},"116":{"start":{"line":117,"column":0},"end":{"line":117,"column":79}},"117":{"start":{"line":118,"column":0},"end":{"line":118,"column":0}},"118":{"start":{"line":119,"column":0},"end":{"line":119,"column":15}},"119":{"start":{"line":120,"column":0},"end":{"line":120,"column":22}},"120":{"start":{"line":121,"column":0},"end":{"line":121,"column":34}},"121":{"start":{"line":122,"column":0},"end":{"line":122,"column":28}},"122":{"start":{"line":123,"column":0},"end":{"line":123,"column":38}},"123":{"start":{"line":124,"column":0},"end":{"line":124,"column":34}},"124":{"start":{"line":125,"column":0},"end":{"line":125,"column":20}},"125":{"start":{"line":126,"column":0},"end":{"line":126,"column":32}},"126":{"start":{"line":127,"column":0},"end":{"line":127,"column":23}},"127":{"start":{"line":128,"column":0},"end":{"line":128,"column":38}},"128":{"start":{"line":129,"column":0},"end":{"line":129,"column":28}},"129":{"start":{"line":130,"column":0},"end":{"line":130,"column":30}},"130":{"start":{"line":131,"column":0},"end":{"line":131,"column":4}},"131":{"start":{"line":132,"column":0},"end":{"line":132,"column":0}},"132":{"start":{"line":133,"column":0},"end":{"line":133,"column":7}},"133":{"start":{"line":134,"column":0},"end":{"line":134,"column":25}},"134":{"start":{"line":135,"column":0},"end":{"line":135,"column":35}},"135":{"start":{"line":136,"column":0},"end":{"line":136,"column":43}},"136":{"start":{"line":137,"column":0},"end":{"line":137,"column":0}},"137":{"start":{"line":138,"column":0},"end":{"line":138,"column":26}},"138":{"start":{"line":139,"column":0},"end":{"line":139,"column":15}},"139":{"start":{"line":140,"column":0},"end":{"line":140,"column":55}},"140":{"start":{"line":141,"column":0},"end":{"line":141,"column":3}},"141":{"start":{"line":142,"column":0},"end":{"line":142,"column":2}},"142":{"start":{"line":143,"column":0},"end":{"line":143,"column":0}},"143":{"start":{"line":144,"column":0},"end":{"line":144,"column":47}},"144":{"start":{"line":145,"column":0},"end":{"line":145,"column":12}},"145":{"start":{"line":146,"column":0},"end":{"line":146,"column":22}},"146":{"start":{"line":147,"column":0},"end":{"line":147,"column":95}},"147":{"start":{"line":148,"column":0},"end":{"line":148,"column":32}},"148":{"start":{"line":149,"column":0},"end":{"line":149,"column":54}},"149":{"start":{"line":150,"column":0},"end":{"line":150,"column":47}},"150":{"start":{"line":151,"column":0},"end":{"line":151,"column":5}},"151":{"start":{"line":152,"column":0},"end":{"line":152,"column":0}},"152":{"start":{"line":153,"column":0},"end":{"line":153,"column":30}},"153":{"start":{"line":154,"column":0},"end":{"line":154,"column":55}},"154":{"start":{"line":155,"column":0},"end":{"line":155,"column":0}},"155":{"start":{"line":156,"column":0},"end":{"line":156,"column":17}},"156":{"start":{"line":157,"column":0},"end":{"line":157,"column":179}},"157":{"start":{"line":158,"column":0},"end":{"line":158,"column":21}},"158":{"start":{"line":159,"column":0},"end":{"line":159,"column":49}},"159":{"start":{"line":160,"column":0},"end":{"line":160,"column":17}},"160":{"start":{"line":161,"column":0},"end":{"line":161,"column":23}},"161":{"start":{"line":162,"column":0},"end":{"line":162,"column":42}},"162":{"start":{"line":163,"column":0},"end":{"line":163,"column":3}},"163":{"start":{"line":164,"column":0},"end":{"line":164,"column":2}},"164":{"start":{"line":165,"column":0},"end":{"line":165,"column":0}},"165":{"start":{"line":166,"column":0},"end":{"line":166,"column":0}},"166":{"start":{"line":167,"column":0},"end":{"line":167,"column":0}},"167":{"start":{"line":168,"column":0},"end":{"line":168,"column":34}},"168":{"start":{"line":169,"column":0},"end":{"line":169,"column":23}},"169":{"start":{"line":170,"column":0},"end":{"line":170,"column":12}},"170":{"start":{"line":171,"column":0},"end":{"line":171,"column":67}},"171":{"start":{"line":172,"column":0},"end":{"line":172,"column":51}},"172":{"start":{"line":173,"column":0},"end":{"line":173,"column":12}},"173":{"start":{"line":174,"column":0},"end":{"line":174,"column":6}},"174":{"start":{"line":175,"column":0},"end":{"line":175,"column":3}},"175":{"start":{"line":176,"column":0},"end":{"line":176,"column":0}},"176":{"start":{"line":177,"column":0},"end":{"line":177,"column":49}},"177":{"start":{"line":178,"column":0},"end":{"line":178,"column":63}},"178":{"start":{"line":179,"column":0},"end":{"line":179,"column":9}},"179":{"start":{"line":180,"column":0},"end":{"line":180,"column":46}},"180":{"start":{"line":181,"column":0},"end":{"line":181,"column":53}},"181":{"start":{"line":182,"column":0},"end":{"line":182,"column":66}},"182":{"start":{"line":183,"column":0},"end":{"line":183,"column":0}},"183":{"start":{"line":184,"column":0},"end":{"line":184,"column":19}},"184":{"start":{"line":185,"column":0},"end":{"line":185,"column":52}},"185":{"start":{"line":186,"column":0},"end":{"line":186,"column":5}},"186":{"start":{"line":187,"column":0},"end":{"line":187,"column":3}},"187":{"start":{"line":188,"column":0},"end":{"line":188,"column":2}},"188":{"start":{"line":189,"column":0},"end":{"line":189,"column":0}},"189":{"start":{"line":190,"column":0},"end":{"line":190,"column":0}},"190":{"start":{"line":191,"column":0},"end":{"line":191,"column":10}},"191":{"start":{"line":192,"column":0},"end":{"line":192,"column":110}},"192":{"start":{"line":193,"column":0},"end":{"line":193,"column":30}},"193":{"start":{"line":194,"column":0},"end":{"line":194,"column":128}},"194":{"start":{"line":195,"column":0},"end":{"line":195,"column":85}},"195":{"start":{"line":196,"column":0},"end":{"line":196,"column":29}},"196":{"start":{"line":197,"column":0},"end":{"line":197,"column":39}},"197":{"start":{"line":198,"column":0},"end":{"line":198,"column":78}},"198":{"start":{"line":199,"column":0},"end":{"line":199,"column":55}},"199":{"start":{"line":200,"column":0},"end":{"line":200,"column":72}},"200":{"start":{"line":201,"column":0},"end":{"line":201,"column":11}},"201":{"start":{"line":202,"column":0},"end":{"line":202,"column":39}},"202":{"start":{"line":203,"column":0},"end":{"line":203,"column":36}},"203":{"start":{"line":204,"column":0},"end":{"line":204,"column":94}},"204":{"start":{"line":205,"column":0},"end":{"line":205,"column":12}},"205":{"start":{"line":206,"column":0},"end":{"line":206,"column":17}},"206":{"start":{"line":207,"column":0},"end":{"line":207,"column":12}},"207":{"start":{"line":208,"column":0},"end":{"line":208,"column":10}},"208":{"start":{"line":209,"column":0},"end":{"line":209,"column":11}},"209":{"start":{"line":210,"column":0},"end":{"line":210,"column":2}},"210":{"start":{"line":211,"column":0},"end":{"line":211,"column":0}},"211":{"start":{"line":212,"column":0},"end":{"line":212,"column":58}},"212":{"start":{"line":213,"column":0},"end":{"line":213,"column":0}},"213":{"start":{"line":214,"column":0},"end":{"line":214,"column":60}},"214":{"start":{"line":215,"column":0},"end":{"line":215,"column":16}},"215":{"start":{"line":216,"column":0},"end":{"line":216,"column":51}},"216":{"start":{"line":217,"column":0},"end":{"line":217,"column":31}},"217":{"start":{"line":218,"column":0},"end":{"line":218,"column":30}},"218":{"start":{"line":219,"column":0},"end":{"line":219,"column":73}},"219":{"start":{"line":220,"column":0},"end":{"line":220,"column":20}},"220":{"start":{"line":221,"column":0},"end":{"line":221,"column":12}},"221":{"start":{"line":222,"column":0},"end":{"line":222,"column":0}},"222":{"start":{"line":223,"column":0},"end":{"line":223,"column":19}},"223":{"start":{"line":224,"column":0},"end":{"line":224,"column":57}},"224":{"start":{"line":225,"column":0},"end":{"line":225,"column":37}},"225":{"start":{"line":226,"column":0},"end":{"line":226,"column":36}},"226":{"start":{"line":227,"column":0},"end":{"line":227,"column":79}},"227":{"start":{"line":228,"column":0},"end":{"line":228,"column":20}},"228":{"start":{"line":229,"column":0},"end":{"line":229,"column":12}},"229":{"start":{"line":230,"column":0},"end":{"line":230,"column":0}},"230":{"start":{"line":231,"column":0},"end":{"line":231,"column":38}},"231":{"start":{"line":232,"column":0},"end":{"line":232,"column":36}},"232":{"start":{"line":233,"column":0},"end":{"line":233,"column":77}},"233":{"start":{"line":234,"column":0},"end":{"line":234,"column":20}},"234":{"start":{"line":235,"column":0},"end":{"line":235,"column":37}},"235":{"start":{"line":236,"column":0},"end":{"line":236,"column":55}},"236":{"start":{"line":237,"column":0},"end":{"line":237,"column":42}},"237":{"start":{"line":238,"column":0},"end":{"line":238,"column":85}},"238":{"start":{"line":239,"column":0},"end":{"line":239,"column":24}},"239":{"start":{"line":240,"column":0},"end":{"line":240,"column":16}},"240":{"start":{"line":241,"column":0},"end":{"line":241,"column":18}},"241":{"start":{"line":242,"column":0},"end":{"line":242,"column":36}},"242":{"start":{"line":243,"column":0},"end":{"line":243,"column":75}},"243":{"start":{"line":244,"column":0},"end":{"line":244,"column":20}},"244":{"start":{"line":245,"column":0},"end":{"line":245,"column":37}},"245":{"start":{"line":246,"column":0},"end":{"line":246,"column":55}},"246":{"start":{"line":247,"column":0},"end":{"line":247,"column":40}},"247":{"start":{"line":248,"column":0},"end":{"line":248,"column":83}},"248":{"start":{"line":249,"column":0},"end":{"line":249,"column":24}},"249":{"start":{"line":250,"column":0},"end":{"line":250,"column":16}},"250":{"start":{"line":251,"column":0},"end":{"line":251,"column":18}},"251":{"start":{"line":252,"column":0},"end":{"line":252,"column":16}},"252":{"start":{"line":253,"column":0},"end":{"line":253,"column":0}},"253":{"start":{"line":254,"column":0},"end":{"line":254,"column":16}},"254":{"start":{"line":255,"column":0},"end":{"line":255,"column":51}},"255":{"start":{"line":256,"column":0},"end":{"line":256,"column":34}},"256":{"start":{"line":257,"column":0},"end":{"line":257,"column":33}},"257":{"start":{"line":258,"column":0},"end":{"line":258,"column":76}},"258":{"start":{"line":259,"column":0},"end":{"line":259,"column":20}},"259":{"start":{"line":260,"column":0},"end":{"line":260,"column":12}},"260":{"start":{"line":261,"column":0},"end":{"line":261,"column":0}},"261":{"start":{"line":262,"column":0},"end":{"line":262,"column":16}},"262":{"start":{"line":263,"column":0},"end":{"line":263,"column":51}},"263":{"start":{"line":264,"column":0},"end":{"line":264,"column":40}},"264":{"start":{"line":265,"column":0},"end":{"line":265,"column":38}},"265":{"start":{"line":266,"column":0},"end":{"line":266,"column":81}},"266":{"start":{"line":267,"column":0},"end":{"line":267,"column":12}},"267":{"start":{"line":268,"column":0},"end":{"line":268,"column":0}},"268":{"start":{"line":269,"column":0},"end":{"line":269,"column":17}},"269":{"start":{"line":270,"column":0},"end":{"line":270,"column":53}},"270":{"start":{"line":271,"column":0},"end":{"line":271,"column":34}},"271":{"start":{"line":272,"column":0},"end":{"line":272,"column":77}},"272":{"start":{"line":273,"column":0},"end":{"line":273,"column":20}},"273":{"start":{"line":274,"column":0},"end":{"line":274,"column":11}},"274":{"start":{"line":275,"column":0},"end":{"line":275,"column":50}},"275":{"start":{"line":276,"column":0},"end":{"line":276,"column":50}},"276":{"start":{"line":277,"column":0},"end":{"line":277,"column":48}},"277":{"start":{"line":278,"column":0},"end":{"line":278,"column":52}},"278":{"start":{"line":279,"column":0},"end":{"line":279,"column":54}},"279":{"start":{"line":280,"column":0},"end":{"line":280,"column":58}},"280":{"start":{"line":281,"column":0},"end":{"line":281,"column":52}},"281":{"start":{"line":282,"column":0},"end":{"line":282,"column":50}},"282":{"start":{"line":283,"column":0},"end":{"line":283,"column":46}},"283":{"start":{"line":284,"column":0},"end":{"line":284,"column":62}},"284":{"start":{"line":285,"column":0},"end":{"line":285,"column":46}},"285":{"start":{"line":286,"column":0},"end":{"line":286,"column":19}},"286":{"start":{"line":287,"column":0},"end":{"line":287,"column":0}},"287":{"start":{"line":288,"column":0},"end":{"line":288,"column":38}},"288":{"start":{"line":289,"column":0},"end":{"line":289,"column":19}},"289":{"start":{"line":290,"column":0},"end":{"line":290,"column":55}},"290":{"start":{"line":291,"column":0},"end":{"line":291,"column":31}},"291":{"start":{"line":292,"column":0},"end":{"line":292,"column":74}},"292":{"start":{"line":293,"column":0},"end":{"line":293,"column":13}},"293":{"start":{"line":294,"column":0},"end":{"line":294,"column":50}},"294":{"start":{"line":295,"column":0},"end":{"line":295,"column":56}},"295":{"start":{"line":296,"column":0},"end":{"line":296,"column":52}},"296":{"start":{"line":297,"column":0},"end":{"line":297,"column":21}},"297":{"start":{"line":298,"column":0},"end":{"line":298,"column":0}},"298":{"start":{"line":299,"column":0},"end":{"line":299,"column":19}},"299":{"start":{"line":300,"column":0},"end":{"line":300,"column":55}},"300":{"start":{"line":301,"column":0},"end":{"line":301,"column":37}},"301":{"start":{"line":302,"column":0},"end":{"line":302,"column":80}},"302":{"start":{"line":303,"column":0},"end":{"line":303,"column":13}},"303":{"start":{"line":304,"column":0},"end":{"line":304,"column":52}},"304":{"start":{"line":305,"column":0},"end":{"line":305,"column":54}},"305":{"start":{"line":306,"column":0},"end":{"line":306,"column":21}},"306":{"start":{"line":307,"column":0},"end":{"line":307,"column":16}},"307":{"start":{"line":308,"column":0},"end":{"line":308,"column":0}},"308":{"start":{"line":309,"column":0},"end":{"line":309,"column":32}},"309":{"start":{"line":310,"column":0},"end":{"line":310,"column":38}},"310":{"start":{"line":311,"column":0},"end":{"line":311,"column":55}},"311":{"start":{"line":312,"column":0},"end":{"line":312,"column":20}},"312":{"start":{"line":313,"column":0},"end":{"line":313,"column":28}},"313":{"start":{"line":314,"column":0},"end":{"line":314,"column":34}},"314":{"start":{"line":315,"column":0},"end":{"line":315,"column":50}},"315":{"start":{"line":316,"column":0},"end":{"line":316,"column":57}},"316":{"start":{"line":317,"column":0},"end":{"line":317,"column":16}},"317":{"start":{"line":318,"column":0},"end":{"line":318,"column":26}},"318":{"start":{"line":319,"column":0},"end":{"line":319,"column":20}},"319":{"start":{"line":320,"column":0},"end":{"line":320,"column":55}},"320":{"start":{"line":321,"column":0},"end":{"line":321,"column":20}},"321":{"start":{"line":322,"column":0},"end":{"line":322,"column":28}},"322":{"start":{"line":323,"column":0},"end":{"line":323,"column":34}},"323":{"start":{"line":324,"column":0},"end":{"line":324,"column":48}},"324":{"start":{"line":325,"column":0},"end":{"line":325,"column":33}},"325":{"start":{"line":326,"column":0},"end":{"line":326,"column":41}},"326":{"start":{"line":327,"column":0},"end":{"line":327,"column":45}},"327":{"start":{"line":328,"column":0},"end":{"line":328,"column":18}},"328":{"start":{"line":329,"column":0},"end":{"line":329,"column":16}},"329":{"start":{"line":330,"column":0},"end":{"line":330,"column":24}},"330":{"start":{"line":331,"column":0},"end":{"line":331,"column":20}},"331":{"start":{"line":332,"column":0},"end":{"line":332,"column":16}},"332":{"start":{"line":333,"column":0},"end":{"line":333,"column":39}},"333":{"start":{"line":334,"column":0},"end":{"line":334,"column":18}},"334":{"start":{"line":335,"column":0},"end":{"line":335,"column":25}},"335":{"start":{"line":336,"column":0},"end":{"line":336,"column":30}},"336":{"start":{"line":337,"column":0},"end":{"line":337,"column":42}},"337":{"start":{"line":338,"column":0},"end":{"line":338,"column":63}},"338":{"start":{"line":339,"column":0},"end":{"line":339,"column":14}},"339":{"start":{"line":340,"column":0},"end":{"line":340,"column":15}},"340":{"start":{"line":341,"column":0},"end":{"line":341,"column":14}},"341":{"start":{"line":342,"column":0},"end":{"line":342,"column":20}},"342":{"start":{"line":343,"column":0},"end":{"line":343,"column":55}},"343":{"start":{"line":344,"column":0},"end":{"line":344,"column":53}},"344":{"start":{"line":345,"column":0},"end":{"line":345,"column":33}},"345":{"start":{"line":346,"column":0},"end":{"line":346,"column":62}},"346":{"start":{"line":347,"column":0},"end":{"line":347,"column":16}},"347":{"start":{"line":348,"column":0},"end":{"line":348,"column":28}},"348":{"start":{"line":349,"column":0},"end":{"line":349,"column":33}},"349":{"start":{"line":350,"column":0},"end":{"line":350,"column":36}},"350":{"start":{"line":351,"column":0},"end":{"line":351,"column":72}},"351":{"start":{"line":352,"column":0},"end":{"line":352,"column":68}},"352":{"start":{"line":353,"column":0},"end":{"line":353,"column":26}},"353":{"start":{"line":354,"column":0},"end":{"line":354,"column":73}},"354":{"start":{"line":355,"column":0},"end":{"line":355,"column":18}},"355":{"start":{"line":356,"column":0},"end":{"line":356,"column":16}},"356":{"start":{"line":357,"column":0},"end":{"line":357,"column":15}},"357":{"start":{"line":358,"column":0},"end":{"line":358,"column":12}},"358":{"start":{"line":359,"column":0},"end":{"line":359,"column":0}},"359":{"start":{"line":360,"column":0},"end":{"line":360,"column":0}},"360":{"start":{"line":361,"column":0},"end":{"line":361,"column":29}},"361":{"start":{"line":362,"column":0},"end":{"line":362,"column":16}},"362":{"start":{"line":363,"column":0},"end":{"line":363,"column":33}},"363":{"start":{"line":364,"column":0},"end":{"line":364,"column":27}},"364":{"start":{"line":365,"column":0},"end":{"line":365,"column":68}},"365":{"start":{"line":366,"column":0},"end":{"line":366,"column":14}},"366":{"start":{"line":367,"column":0},"end":{"line":367,"column":12}},"367":{"start":{"line":368,"column":0},"end":{"line":368,"column":0}},"368":{"start":{"line":369,"column":0},"end":{"line":369,"column":69}},"369":{"start":{"line":370,"column":0},"end":{"line":370,"column":52}},"370":{"start":{"line":371,"column":0},"end":{"line":371,"column":9}},"371":{"start":{"line":372,"column":0},"end":{"line":372,"column":0}},"372":{"start":{"line":373,"column":0},"end":{"line":373,"column":15}},"373":{"start":{"line":374,"column":0},"end":{"line":374,"column":28}},"374":{"start":{"line":375,"column":0},"end":{"line":375,"column":9}},"375":{"start":{"line":376,"column":0},"end":{"line":376,"column":17}},"376":{"start":{"line":377,"column":0},"end":{"line":377,"column":58}},"377":{"start":{"line":378,"column":0},"end":{"line":378,"column":20}},"378":{"start":{"line":379,"column":0},"end":{"line":379,"column":181}},"379":{"start":{"line":380,"column":0},"end":{"line":380,"column":30}},"380":{"start":{"line":381,"column":0},"end":{"line":381,"column":6}},"381":{"start":{"line":382,"column":0},"end":{"line":382,"column":3}},"382":{"start":{"line":383,"column":0},"end":{"line":383,"column":17}},"383":{"start":{"line":384,"column":0},"end":{"line":384,"column":11}},"384":{"start":{"line":385,"column":0},"end":{"line":385,"column":2}},"385":{"start":{"line":386,"column":0},"end":{"line":386,"column":0}},"386":{"start":{"line":387,"column":0},"end":{"line":387,"column":12}},"387":{"start":{"line":388,"column":0},"end":{"line":388,"column":0}},"388":{"start":{"line":389,"column":0},"end":{"line":389,"column":35}},"389":{"start":{"line":390,"column":0},"end":{"line":390,"column":85}},"390":{"start":{"line":391,"column":0},"end":{"line":391,"column":80}},"391":{"start":{"line":392,"column":0},"end":{"line":392,"column":21}},"392":{"start":{"line":393,"column":0},"end":{"line":393,"column":58}},"393":{"start":{"line":394,"column":0},"end":{"line":394,"column":94}},"394":{"start":{"line":395,"column":0},"end":{"line":395,"column":8}},"395":{"start":{"line":396,"column":0},"end":{"line":396,"column":2}},"396":{"start":{"line":397,"column":0},"end":{"line":397,"column":0}},"397":{"start":{"line":398,"column":0},"end":{"line":398,"column":25}},"398":{"start":{"line":399,"column":0},"end":{"line":399,"column":41}},"399":{"start":{"line":400,"column":0},"end":{"line":400,"column":81}},"400":{"start":{"line":401,"column":0},"end":{"line":401,"column":15}},"401":{"start":{"line":402,"column":0},"end":{"line":402,"column":12}},"402":{"start":{"line":403,"column":0},"end":{"line":403,"column":45}},"403":{"start":{"line":404,"column":0},"end":{"line":404,"column":22}},"404":{"start":{"line":405,"column":0},"end":{"line":405,"column":9}},"405":{"start":{"line":406,"column":0},"end":{"line":406,"column":26}},"406":{"start":{"line":407,"column":0},"end":{"line":407,"column":26}},"407":{"start":{"line":408,"column":0},"end":{"line":408,"column":23}},"408":{"start":{"line":409,"column":0},"end":{"line":409,"column":152}},"409":{"start":{"line":410,"column":0},"end":{"line":410,"column":1}},"410":{"start":{"line":411,"column":0},"end":{"line":411,"column":21}},"411":{"start":{"line":412,"column":0},"end":{"line":412,"column":6}},"412":{"start":{"line":413,"column":0},"end":{"line":413,"column":46}},"413":{"start":{"line":414,"column":0},"end":{"line":414,"column":21}},"414":{"start":{"line":415,"column":0},"end":{"line":415,"column":68}},"415":{"start":{"line":416,"column":0},"end":{"line":416,"column":4}},"416":{"start":{"line":417,"column":0},"end":{"line":417,"column":0}},"417":{"start":{"line":418,"column":0},"end":{"line":418,"column":30}},"418":{"start":{"line":419,"column":0},"end":{"line":419,"column":60}},"419":{"start":{"line":420,"column":0},"end":{"line":420,"column":9}},"420":{"start":{"line":421,"column":0},"end":{"line":421,"column":78}},"421":{"start":{"line":422,"column":0},"end":{"line":422,"column":71}},"422":{"start":{"line":423,"column":0},"end":{"line":423,"column":55}},"423":{"start":{"line":424,"column":0},"end":{"line":424,"column":82}},"424":{"start":{"line":425,"column":0},"end":{"line":425,"column":42}},"425":{"start":{"line":426,"column":0},"end":{"line":426,"column":51}},"426":{"start":{"line":427,"column":0},"end":{"line":427,"column":12}},"427":{"start":{"line":428,"column":0},"end":{"line":428,"column":10}},"428":{"start":{"line":429,"column":0},"end":{"line":429,"column":0}},"429":{"start":{"line":430,"column":0},"end":{"line":430,"column":31}},"430":{"start":{"line":431,"column":0},"end":{"line":431,"column":70}},"431":{"start":{"line":432,"column":0},"end":{"line":432,"column":51}},"432":{"start":{"line":433,"column":0},"end":{"line":433,"column":4}},"433":{"start":{"line":434,"column":0},"end":{"line":434,"column":22}},"434":{"start":{"line":435,"column":0},"end":{"line":435,"column":20}},"435":{"start":{"line":436,"column":0},"end":{"line":436,"column":36}},"436":{"start":{"line":437,"column":0},"end":{"line":437,"column":2}},"437":{"start":{"line":438,"column":0},"end":{"line":438,"column":87}},"438":{"start":{"line":439,"colum
[...]
19":1,"20":1,"21":1,"22":1,"23":1,"24":1,"25":1,"26":1,"27":1,"28":1,"29":1,"30":1,"31":1,"32":1,"33":1,"34":3,"35":2,"36":1,"37":1,"38":1,"39":1,"40":2,"41":2,"42":1,"43":1,"44":1,"45":1,"46":1,"47":1,"48":0,"49":0,"50":0,"51":1,"52":1,"53":1,"54":1,"55":1,"56":1,"57":1,"58":1,"59":1,"60":1,"61":2,"62":2,"63":2,"64":2,"65":2,"66":2,"67":2,"68":1,"69":1,"70":1,"71":1,"72":1,"73":1,"74":1,"75":1,"76":2,"77":2,"78":2,"79":2,"80":2,"81":1,"82":1,"83":1,"84":2,"85":1,"86":1,"87":2,"88":2,"89":2,"90":2,"91":2,"92":2,"93":2,"94":1,"95":1,"96":1,"97":1,"98":1,"99":1,"100":1,"101":1,"102":2,"103":2,"104":2,"105":2,"106":2,"107":1,"108":1,"109":1,"110":2,"111":1,"112":1,"113":1,"114":1,"115":1,"116":1,"117":1,"118":1,"119":1,"120":1,"121":1,"122":1,"123":1,"124":1,"125":1,"126":1,"127":1,"128":1,"129":1,"130":1,"131":1,"132":1,"133":1,"134":1,"135":1,"136":1,"137":1,"138":1,"139":1,"140":1,"141":1,"142":1,"143":1,"144":1,"145":1,"146":1,"147":1,"148":1,"149":1,"150":1,"151":1,"152":1,"153":1,"154":1,"155":1,"156":1,"157":2,"158":2,"159":2,"160":2,"161":2,"162":2,"163":2,"164":1,"165":1,"166":1,"167":1,"168":1,"169":0,"170":0,"171":0,"172":0,"173":1,"174":1,"175":1,"176":1,"177":0,"178":0,"179":1,"180":1,"181":1,"182":0,"183":0,"184":0,"185":0,"186":0,"187":0,"188":0,"189":0,"190":0,"191":0,"192":0,"193":0,"194":0,"195":1,"196":1,"197":2,"198":2,"199":1,"200":1,"201":1,"202":1,"203":0,"204":0,"205":0,"206":0,"207":0,"208":0,"209":0,"210":0,"211":0,"212":0,"213":0,"214":1,"215":1,"216":2,"217":2,"218":2,"219":2,"220":2,"221":2,"222":2,"223":2,"224":2,"225":2,"226":2,"227":1,"228":1,"229":1,"230":1,"231":1,"232":1,"233":1,"234":1,"235":1,"236":1,"237":1,"238":1,"239":1,"240":1,"241":1,"242":1,"243":1,"244":1,"245":1,"246":1,"247":1,"248":1,"249":1,"250":1,"251":1,"252":1,"253":1,"254":1,"255":1,"256":1,"257":1,"258":1,"259":1,"260":1,"261":1,"262":1,"263":1,"264":1,"265":1,"266":1,"267":1,"268":1,"269":1,"270":1,"271":1,"272":1,"273":1,"274":1,"275":1,"276":1,"277":1,"278":1,"279":1,"280":1,"281":1,"282":1,"283":1,"284":1,"285":1,"286":1,"287":1,"288":1,"289":1,"290":1,"291":1},"branchMap":{"0":{"type":"branch","line":34,"loc":{"start":{"line":34,"column":27},"end":{"line":38,"column":2}},"locations":[{"start":{"line":34,"column":27},"end":{"line":38,"column":2}}]},"1":{"type":"branch","line":35,"loc":{"start":{"line":35,"column":59},"end":{"line":38,"column":2}},"locations":[{"start":{"line":35,"column":59},"end":{"line":38,"column":2}}]},"2":{"type":"branch","line":36,"loc":{"start":{"line":36,"column":20},"end":{"line":38,"column":2}},"locations":[{"start":{"line":36,"column":20},"end":{"line":38,"column":2}}]},"3":{"type":"branch","line":40,"loc":{"start":{"line":40,"column":32},"end":{"line":44,"column":2}},"locations":[{"start":{"line":40,"column":32},"end":{"line":44,"column":2}}]},"4":{"type":"branch","line":42,"loc":{"start":{"line":42,"column":20},"end":{"line":44,"column":2}},"locations":[{"start":{"line":42,"column":20},"end":{"line":44,"column":2}}]},"5":{"type":"branch","line":46,"loc":{"start":{"line":46,"column":33},"end":{"line":53,"column":2}},"locations":[{"start":{"line":46,"column":33},"end":{"line":53,"column":2}}]},"6":{"type":"branch","line":48,"loc":{"start":{"line":48,"column":20},"end":{"line":51,"column":3}},"locations":[{"start":{"line":48,"column":20},"end":{"line":51,"column":3}}]},"7":{"type":"branch","line":55,"loc":{"start":{"line":55,"column":38},"end":{"line":59,"column":2}},"locations":[{"start":{"line":55,"column":38},"end":{"line":59,"column":2}}]},"8":{"type":"branch","line":57,"loc":{"start":{"line":57,"column":15},"end":{"line":57,"column":63}},"locations":[{"start":{"line":57,"column":15},"end":{"line":57,"column":63}}]},"9":{"type":"branch","line":61,"loc":{"start":{"line":61,"column":27},"end":{"line":74,"column":2}},"locations":[{"start":{"line":61,"column":27},"end":{"line":74,"column":2}}]},"10":{"type":"branch","line":68,"loc":{"start":{"line":68,"column":20},"end":{"line":74,"column":2}},"locations":[{"start":{"line":68,"column":20},"end":{"line":74,"column":2}}]},"11":{"type":"branch","line":76,"loc":{"start":{"line":76,"column":27},"end":{"line":85,"column":2}},"locations":[{"start":{"line":76,"column":27},"end":{"line":85,"column":2}}]},"12":{"type":"branch","line":81,"loc":{"start":{"line":81,"column":20},"end":{"line":84,"column":3}},"locations":[{"start":{"line":81,"column":20},"end":{"line":84,"column":3}}]},"13":{"type":"branch","line":87,"loc":{"start":{"line":87,"column":27},"end":{"line":100,"column":2}},"locations":[{"start":{"line":87,"column":27},"end":{"line":100,"column":2}}]},"14":{"type":"branch","line":94,"loc":{"start":{"line":94,"column":20},"end":{"line":100,"column":2}},"locations":[{"start":{"line":94,"column":20},"end":{"line":100,"column":2}}]},"15":{"type":"branch","line":102,"loc":{"start":{"line":102,"column":25},"end":{"line":111,"column":2}},"locations":[{"start":{"line":102,"column":25},"end":{"line":111,"column":2}}]},"16":{"type":"branch","line":107,"loc":{"start":{"line":107,"column":20},"end":{"line":110,"column":3}},"locations":[{"start":{"line":107,"column":20},"end":{"line":110,"column":3}}]},"17":{"type":"branch","line":109,"loc":{"start":{"line":109,"column":20},"end":{"line":109,"column":51}},"locations":[{"start":{"line":109,"column":20},"end":{"line":109,"column":51}}]},"18":{"type":"branch","line":114,"loc":{"start":{"line":114,"column":34},"end":{"line":118,"column":2}},"locations":[{"start":{"line":114,"column":34},"end":{"line":118,"column":2}}]},"19":{"type":"branch","line":116,"loc":{"start":{"line":116,"column":20},"end":{"line":116,"column":70}},"locations":[{"start":{"line":116,"column":20},"end":{"line":116,"column":70}}]},"20":{"type":"branch","line":120,"loc":{"start":{"line":120,"column":28},"end":{"line":125,"column":2}},"locations":[{"start":{"line":120,"column":28},"end":{"line":125,"column":2}}]},"21":{"type":"branch","line":124,"loc":{"start":{"line":124,"column":20},"end":{"line":124,"column":64}},"locations":[{"start":{"line":124,"column":20},"end":{"line":124,"column":64}}]},"22":{"type":"branch","line":127,"loc":{"start":{"line":127,"column":28},"end":{"line":133,"column":2}},"locations":[{"start":{"line":127,"column":28},"end":{"line":133,"column":2}}]},"23":{"type":"branch","line":132,"loc":{"start":{"line":132,"column":56},"end":{"line":132,"column":86}},"locations":[{"start":{"line":132,"column":56},"end":{"line":132,"column":86}}]},"24":{"type":"branch","line":136,"loc":{"start":{"line":136,"column":36},"end":{"line":140,"column":2}},"locations":[{"start":{"line":136,"column":36},"end":{"line":140,"column":2}}]},"25":{"type":"branch","line":138,"loc":{"start":{"line":138,"column":15},"end":{"line":138,"column":67}},"locations":[{"start":{"line":138,"column":15},"end":{"line":138,"column":67}}]},"26":{"type":"branch","line":142,"loc":{"start":{"line":142,"column":30},"end":{"line":147,"column":2}},"locations":[{"start":{"line":142,"column":30},"end":{"line":147,"column":2}}]},"27":{"type":"branch","line":146,"loc":{"start":{"line":146,"column":15},"end":{"line":146,"column":49}},"locations":[{"start":{"line":146,"column":15},"end":{"line":146,"column":49}}]},"28":{"type":"branch","line":149,"loc":{"start":{"line":149,"column":29},"end":{"line":154,"column":2}},"locations":[{"start":{"line":149,"column":29},"end":{"line":154,"column":2}}]},"29":{"type":"branch","line":153,"loc":{"start":{"line":153,"column":15},"end":{"line":153,"column":49}},"locations":[{"start":{"line":153,"column":15},"end":{"line":153,"column":49}}]},"30":{"type":"branch","line":157,"loc":{"start":{"line":157,"column":25},"end":{"line":166,"column":2}},"locations":[{"start":{"line":157,"column":25},"end":{"line":166,"column":2}}]},"31":{"type":"branch","line":164,"loc":{"start":{"line":164,"column":20},"end":{"line":166,"column":2}},"locations":[{"start":{"line":164,"column":20},"end":{"line":166,"column":2}}]},"32":{"type":"branch","line":175,"loc":{"start":{"line":175,"column":36},"end":{"line":179,"column":2}},"locations":[{"start":{"line":175,"column":36},"end":{"line":179,"column":2}}]},"33":{"type":"branch","line":177,"loc":{"start":{"line":177,"column":66},"end":{"line":179,"column":2}},"locations":[{"start":{"line":177,"column":66},"end":{"line":179,"column":2}}]},"34":{"type":"branch","line":197,"loc":{"start":{"line":197,"column":28},"end":{"line":201,"column":2}},"locations":[{"start":{"line":197,"column":28},"end":{"line":201,"column":2}}]},"35":{"type":"branch","line":199,"loc":{"start":{"line":199,"column":20},"end":{"line":201,"column":2}},"locations":[{"start":{"line":199,"column":20},"end":{"line":201,"column":2}}]},"36":{"type":"branch","line":216,"loc":{"start":{"line":216,"column":35},"end":{"line":227,"column":2}},"locations":[{"start":{"line":216,"column":35},"end":{"line":227,"column":2}}]},"37":{"type":"branch","line":226,"loc":{"start":{"line":226,"column":20},"end":{"line":226,"column":59}},"locations":[{"start":{"line":226,"column":20},"end":{"line":226,"column":59}}]},"38":{"type":"branch","line":230,"loc":{"start":{"line":230,"column":33},"end":{"line":238,"column":2}},"locations":[{"start":{"line":230,"column":33},"end":{"line":238,"column":2}}]},"39":{"type":"branch","line":237,"loc":{"start":{"line":237,"column":15},"end":{"line":237,"column":49}},"locations":[{"start":{"line":237,"column":15},"end":{"line":237,"column":49}}]},"40":{"type":"branch","line":241,"loc":{"start":{"line":241,"column":35},"end":{"line":247,"column":2}},"locations":[{"start":{"line":241,"column":35},"end":{"line":247,"column":2}}]},"41":{"type":"branch","line":246,"loc":{"start":{"line":246,"column":15},"end":{"line":246,"column":49}},"locations":[{"start":{"line":246,"column":15},"end":{"line":246,"column":49}}]},"42":{"type":"branch","line":250,"loc":{"start":{"line":250,"column":36},"end":{"line":256,"column":2}},"locations":[{"start":{"line":250,"column":36},"end":{"line":256,"column":2}}]},"43":{"type":"branch","line":255,"loc":{"start":{"line":255,"column":15},"end":{"line":255,"column":49}},"locations":[{"start":{"line":255,"column":15},"end":{"line":255,"column":49}}]},"44":{"type":"branch","line":259,"loc":{"start":{"line":259,"column":28},"end":{"line":265,"column":2}},"locations":[{"start":{"line":259,"column":28},"end":{"line":265,"column":2}}]},"45":{"type":"branch","line":264,"loc":{"start":{"line":264,"column":15},"end":{"line":264,"column":49}},"locations":[{"start":{"line":264,"column":15},"end":{"line":264,"column":49}}]},"46":{"type":"branch","line":268,"loc":{"start":{"line":268,"column":30},"end":{"line":272,"column":2}},"locations":[{"start":{"line":268,"column":30},"end":{"line":272,"column":2}}]},"47":{"type":"branch","line":270,"loc":{"start":{"line":270,"column":15},"end":{"line":270,"column":49}},"locations":[{"start":{"line":270,"column":15},"end":{"line":270,"column":49}}]},"48":{"type":"branch","line":275,"loc":{"start":{"line":275,"column":35},"end":{"line":279,"column":2}},"locations":[{"start":{"line":275,"column":35},"end":{"line":279,"column":2}}]},"49":{"type":"branch","line":277,"loc":{"start":{"line":277,"column":15},"end":{"line":277,"column":49}},"locations":[{"start":{"line":277,"column":15},"end":{"line":277,"column":49}}]},"50":{"type":"branch","line":281,"loc":{"start":{"line":281,"column":27},"end":{"line":286,"column":2}},"locations":[{"start":{"line":281,"column":27},"end":{"line":286,"column":2}}]},"51":{"type":"branch","line":284,"loc":{"start":{"line":284,"column":20},"end":{"line":284,"column":62}},"locations":[{"start":{"line":284,"column":20},"end":{"line":284,"column":62}}]},"52":{"type":"branch","line":288,"loc":{"start":{"line":288,"column":29},"end":{"line":292,"column":2}},"locations":[{"start":{"line":288,"column":29},"end":{"line":292,"column":2}}]},"53":{"type":"branch","line":290,"loc":{"start":{"line":290,"column":20},"end":{"line":290,"column":60}},"locations":[{"start":{"line":290,"column":20},"end":{"line":290,"column":60}}]}},"b":{"0":[3],"1":[2],"2":[1],"3":[2],"4":[1],"5":[1],"6":[0],"7":[1],"8":[0],"9":[2],"10":[1],"11":[2],"12":[1],"13":[2],"14":[1],"15":[2],"16":[1],"17":[0],"18":[1],"19":[0],"20":[1],"21":[0],"22":[1],"23":[0],"24":[1],"25":[0],"26":[1],"27":[0],"28":[1],"29":[0],"30":[2],"31":[1],"32":[1],"33":[0],"34":[2],"35":[1],"36":[2],"37":[1],"38":[1],"39":[0],"40":[1],"41":[0],"42":[1],"43":[0],"44":[1],"45":[0],"46":[1],"47":[0],"48":[1],"49":[0],"50":[1],"51":[0],"52":[1],"53":[0]},"fnMap":{"0":{"name":"fetchEvents","decl":{"start":{"line":34,"column":27},"end":{"line":38,"column":2}},"loc":{"start":{"line":34,"column":27},"end":{"line":38,"column":2}},"line":34},"1":{"name":"fetchSingleEvent","decl":{"start":{"line":40,"column":32},"end":{"line":44,"column":2}},"loc":{"start":{"line":40,"column":32},"end":{"line":44,"column":2}},"line":40},"2":{"name":"fetchEventsByUser","decl":{"start":{"line":46,"column":33},"end":{"line":53,"column":2}},"loc":{"start":{"line":46,"column":33},"end":{"line":53,"column":2}},"line":46},"3":{"name":"fetchEventParticipants","decl":{"start":{"line":55,"column":38},"end":{"line":59,"column":2}},"loc":{"start":{"line":55,"column":38},"end":{"line":59,"column":2}},"line":55},"4":{"name":"createEvent","decl":{"start":{"line":61,"column":27},"end":{"line":74,"column":2}},"loc":{"start":{"line":61,"column":27},"end":{"line":74,"column":2}},"line":61},"5":{"name":"deleteEvent","decl":{"start":{"line":76,"column":27},"end":{"line":85,"column":2}},"loc":{"start":{"line":76,"column":27},"end":{"line":85,"column":2}},"line":76},"6":{"name":"updateEvent","decl":{"start":{"line":87,"column":27},"end":{"line":100,"column":2}},"loc":{"start":{"line":87,"column":27},"end":{"line":100,"column":2}},"line":87},"7":{"name":"joinEvent","decl":{"start":{"line":102,"column":25},"end":{"line":111,"column":2}},"loc":{"start":{"line":102,"column":25},"end":{"line":111,"column":2}},"line":102},"8":{"name":"fetchInvitedEvents","decl":{"start":{"line":114,"column":34},"end":{"line":118,"column":2}},"loc":{"start":{"line":114,"column":34},"end":{"line":118,"column":2}},"line":114},"9":{"name":"acceptInvite","decl":{"start":{"line":120,"column":28},"end":{"line":125,"column":2}},"loc":{"start":{"line":120,"column":28},"end":{"line":125,"column":2}},"line":120},"10":{"name":"rejectInvite","decl":{"start":{"line":127,"column":28},"end":{"line":133,"column":2}},"loc":{"start":{"line":127,"column":28},"end":{"line":133,"column":2}},"line":127},"11":{"name":"fetchPendingRequests","decl":{"start":{"line":136,"column":36},"end":{"line":140,"column":2}},"loc":{"start":{"line":136,"column":36},"end":{"line":140,"column":2}},"line":136},"12":{"name":"approveRequest","decl":{"start":{"line":142,"column":30},"end":{"line":147,"column":2}},"loc":{"start":{"line":142,"column":30},"end":{"line":147,"column":2}},"line":142},"13":{"name":"rejectRequest","decl":{"start":{"line":149,"column":29},"end":{"line":154,"column":2}},"loc":{"start":{"line":149,"column":29},"end":{"line":154,"column":2}},"line":149},"14":{"name":"loginUser","decl":{"start":{"line":157,"column":25},"end":{"line":166,"column":2}},"loc":{"start":{"line":157,"column":25},"end":{"line":166,"column":2}},"line":157},"15":{"name":"fetchUserAchievements","decl":{"start":{"line":169,"column":37},"end":{"line":173,"column":2}},"loc":{"start":{"line":169,"column":37},"end":{"line":173,"column":2}},"line":169},"16":{"name":"fetchAllAchievements","decl":{"start":{"line":175,"column":36},"end":{"line":179,"column":2}},"loc":{"start":{"line":175,"column":36},"end":{"line":179,"column":2}},"line":175},"17":{"name":"createAchievement","decl":{"start":{"line":182,"column":33},"end":{"line":195,"column":2}},"loc":{"start":{"line":182,"column":33},"end":{"line":195,"column":2}},"line":182},"18":{"name":"fetchProfile","decl":{"start":{"line":197,"column":28},"end":{"line":201,"column":2}},"loc":{"start":{"line":197,"column":28},"end":{"line":201,"column":2}},"line":197},"19":{"name":"assignAchievement","decl":{"start":{"line":203,"column":33},"end":{"line":214,"column":2}},"loc":{"start":{"line":203,"column":33},"end":{"line":214,"column":2}},"line":203},"20":{"name":"unassignAchievement","decl":{"start":{"line":216,"column":35},"end":{"line":227,"column":2}},"loc":{"start":{"line":216,"column":35},"end":{"line":227,"column":2}},"line":216},"21":{"name":"sendFriendRequest","decl":{"start":{"line":230,"column":33},"end":{"line":238,"column":2}},"loc":{"start":{"line":230,"column":33},"end":{"line":238,"column":2}},"line":230},"22":{"name":"acceptFriendRequest","decl":{"start":{"line":241,"column":35},"end":{"line":247,"column":2}},"loc":{"start":{"line":241,"column":35},"end":{"line":247,"column":2}},"line":241},"23":{"name":"declineFriendRequest","decl":{"start":{"line":250,"column":36},"end":{"line":256,"column":2}},"loc":{"start":{"line":250,"column":36},"end":{"line":256,"column":2}},"line":250},"24":{"name":"removeFriend","decl":{"start":{"line":259,"column":28},"end":{"line":265,"column":2}},"loc":{"start":{"line":259,"column":28},"end":{"line":265,"column":2}},"line":259},"25":{"name":"fetchMyFriends","decl":{"start":{"line":268,"column":30},"end":{"line":272,"column":2}},"loc":{"start":{"line":268,"column":30},"end":{"line":272,"column":2}},"line":268},"26":{"name":"fetchFriendRequests","decl":{"start":{"line":275,"column":35},"end":{"line":279,"column":2}},"loc":{"start":{"line":275,"column":35},"end":{"line":279,"column":2}},"line":275},"27":{"name":"searchUsers","decl":{"start":{"line":281,"column":27},"end":{"line":286,"column":2}},"loc":{"start":{"line":281,"column":27},"end":{"line":286,"column":2}},"line":281},"28":{"name":"fetchUserById","decl":{"start":{"line":288,"column":29},"end":{"line":292,"column":2}},"loc":{"start":{"line":288,"column":29},"end":{"line":292,"column":2}},"line":288}},"f":{"0":3,"1":2,"2":1,"3":1,"4":2,"5":2,"6":2,"7":2,"8":1,"9":1,"10":1,"11":1,"12":1,"13":1,"14":2,"15":0,"16":1,"17":0,"18":2,"19":0,"20":2,"21":1,"22":1,"23":1,"24":1,"25":1,"26":1,"27":1,"28":1}}
,"E:\\Interactive Development\\Year 3\\Term 1\\Final\\Sportify_Frontend\\Sportify\\src\\services\\unsplash.ts": {"path":"E:\\Interactive Development\\Year 3\\Term 1\\Final\\Sportify_Frontend\\Sportify\\src\\services\\unsplash.ts","all":false,"statementMap":{"0":{"start":{"line":1,"column":0},"end":{"line":1,"column":62}},"1":{"start":{"line":2,"column":0},"end":{"line":2,"column":0}},"2":{"start":{"line":3,"column":0},"end":{"line":3,"column":61}},"3":{"start":{"line":4,"column":0},"end":{"line":4,"column":31}},"4":{"start":{"line":5,"column":0},"end":{"line":5,"column":125}},"5":{"start":{"line":6,"column":0},"end":{"line":6,"column":4}},"6":{"start":{"line":7,"column":0},"end":{"line":7,"column":0}},"7":{"start":{"line":8,"column":0},"end":{"line":8,"column":21}},"8":{"start":{"line":9,"column":0},"end":{"line":9,"column":60}},"9":{"start":{"line":10,"column":0},"end":{"line":10,"column":3}},"10":{"start":{"line":11,"column":0},"end":{"line":11,"column":0}},"11":{"start":{"line":12,"column":0},"end":{"line":12,"column":37}},"12":{"start":{"line":13,"column":0},"end":{"line":13,"column":42}},"13":{"start":{"line":14,"column":0},"end":{"line":14,"column":24}},"14":{"start":{"line":15,"column":0},"end":{"line":15,"column":24}},"15":{"start":{"line":16,"column":0},"end":{"line":16,"column":49}},"16":{"start":{"line":17,"column":0},"end":{"line":17,"column":32}},"17":{"start":{"line":18,"column":0},"end":{"line":18,"column":42}},"18":{"start":{"line":19,"column":0},"end":{"line":19,"column":6}},"19":{"start":{"line":20,"column":0},"end":{"line":20,"column":2}}},"s":{"0":1,"1":1,"2":1,"3":0,"4":0,"5":0,"6":0,"7":0,"8":0,"9":0,"10":0,"11":0,"12":0,"13":0,"14":0,"15":0,"16":0,"17":0,"18":0,"19":0},"branchMap":{},"b":{},"fnMap":{"0":{"name":"fetchUnsplashImages","decl":{"start":{"line":3,"column":35},"end":{"line":20,"column":2}},"loc":{"start":{"line":3,"column":35},"end":{"line":20,"column":2}},"line":3}},"f":{"0":0}}
}
